{"C:\\Projects\\jwt-api-express\\src\\app.ts": {"path":"C:\\Projects\\jwt-api-express\\src\\app.ts","statementMap":{"0":{"start":{"line":1,"column":0},"end":{"line":1,"column":30}},"1":{"start":{"line":2,"column":0},"end":{"line":2,"column":41}},"2":{"start":{"line":3,"column":0},"end":{"line":3,"column":24}},"3":{"start":{"line":4,"column":0},"end":{"line":4,"column":43}},"4":{"start":{"line":5,"column":0},"end":{"line":5,"column":52}},"5":{"start":{"line":6,"column":0},"end":{"line":6,"column":52}},"6":{"start":{"line":7,"column":0},"end":{"line":7,"column":64}},"7":{"start":{"line":8,"column":0},"end":{"line":8,"column":47}},"8":{"start":{"line":10,"column":12},"end":{"line":10,"column":21}},"9":{"start":{"line":12,"column":20},"end":{"line":20,"column":2}},"10":{"start":{"line":22,"column":0},"end":{"line":22,"column":27}},"11":{"start":{"line":23,"column":0},"end":{"line":23,"column":24}},"12":{"start":{"line":24,"column":0},"end":{"line":24,"column":24}},"13":{"start":{"line":25,"column":0},"end":{"line":25,"column":68}},"14":{"start":{"line":26,"column":0},"end":{"line":26,"column":33}},"15":{"start":{"line":27,"column":0},"end":{"line":27,"column":33}},"16":{"start":{"line":29,"column":0},"end":{"line":29,"column":25}},"17":{"start":{"line":31,"column":0},"end":{"line":31,"column":19}}},"fnMap":{},"branchMap":{"0":{"loc":{"start":{"line":14,"column":4},"end":{"line":16,"column":31}},"type":"cond-expr","locations":[{"start":{"line":15,"column":8},"end":{"line":15,"column":32}},{"start":{"line":16,"column":8},"end":{"line":16,"column":31}}]}},"s":{"0":5,"1":5,"2":5,"3":5,"4":5,"5":5,"6":5,"7":5,"8":5,"9":5,"10":5,"11":5,"12":5,"13":5,"14":5,"15":5,"16":5,"17":5},"f":{},"b":{"0":[1,4]}}
,"C:\\Projects\\jwt-api-express\\src\\db.ts": {"path":"C:\\Projects\\jwt-api-express\\src\\db.ts","statementMap":{"0":{"start":{"line":1,"column":0},"end":{"line":1,"column":23}},"1":{"start":{"line":2,"column":0},"end":{"line":2,"column":48}},"2":{"start":{"line":3,"column":0},"end":{"line":3,"column":48}},"3":{"start":{"line":4,"column":12},"end":{"line":4,"column":43}},"4":{"start":{"line":5,"column":13},"end":{"line":5,"column":31}}},"fnMap":{},"branchMap":{},"s":{"0":3,"1":3,"2":3,"3":3,"4":3},"f":{},"b":{}}
,"C:\\Projects\\jwt-api-express\\src\\config\\constants.ts": {"path":"C:\\Projects\\jwt-api-express\\src\\config\\constants.ts","statementMap":{"0":{"start":{"line":1,"column":13},"end":{"line":1,"column":43}},"1":{"start":{"line":2,"column":13},"end":{"line":2,"column":54}}},"fnMap":{},"branchMap":{},"s":{"0":9,"1":9},"f":{},"b":{}}
,"C:\\Projects\\jwt-api-express\\src\\config\\errors.ts": {"path":"C:\\Projects\\jwt-api-express\\src\\config\\errors.ts","statementMap":{"0":{"start":{"line":1,"column":13},"end":{"line":38,"column":11}},"1":{"start":{"line":40,"column":13},"end":{"line":61,"column":11}}},"fnMap":{},"branchMap":{},"s":{"0":14,"1":14},"f":{},"b":{}}
,"C:\\Projects\\jwt-api-express\\src\\config\\swagger.ts": {"path":"C:\\Projects\\jwt-api-express\\src\\config\\swagger.ts","statementMap":{"0":{"start":{"line":1,"column":0},"end":{"line":1,"column":41}},"1":{"start":{"line":3,"column":38},"end":{"line":33,"column":2}},"2":{"start":{"line":35,"column":13},"end":{"line":35,"column":49}}},"fnMap":{},"branchMap":{},"s":{"0":5,"1":5,"2":5},"f":{},"b":{}}
,"C:\\Projects\\jwt-api-express\\src\\db\\index.ts": {"path":"C:\\Projects\\jwt-api-express\\src\\db\\index.ts","statementMap":{"0":{"start":{"line":1,"column":0},"end":{"line":1,"column":48}},"1":{"start":{"line":2,"column":0},"end":{"line":2,"column":48}},"2":{"start":{"line":3,"column":0},"end":{"line":3,"column":59}},"3":{"start":{"line":4,"column":0},"end":{"line":4,"column":56}},"4":{"start":{"line":5,"column":0},"end":{"line":5,"column":61}},"5":{"start":{"line":6,"column":0},"end":{"line":6,"column":41}},"6":{"start":{"line":8,"column":15},"end":{"line":13,"column":2}},"7":{"start":{"line":15,"column":25},"end":{"line":15,"column":50}},"8":{"start":{"line":17,"column":0},"end":{"line":19,"column":1}},"9":{"start":{"line":18,"column":2},"end":{"line":18,"column":66}},"10":{"start":{"line":21,"column":13},"end":{"line":21,"column":42}},"11":{"start":{"line":23,"column":13},"end":{"line":28,"column":3}},"12":{"start":{"line":30,"column":0},"end":{"line":30,"column":41}},"13":{"start":{"line":31,"column":0},"end":{"line":31,"column":45}}},"fnMap":{},"branchMap":{"0":{"loc":{"start":{"line":17,"column":0},"end":{"line":19,"column":1}},"type":"if","locations":[{"start":{"line":17,"column":0},"end":{"line":19,"column":1}},{"start":{},"end":{}}]}},"s":{"0":23,"1":23,"2":23,"3":23,"4":23,"5":23,"6":23,"7":23,"8":23,"9":1,"10":22,"11":22,"12":22,"13":22},"f":{},"b":{"0":[1,22]}}
,"C:\\Projects\\jwt-api-express\\src\\db\\relations.ts": {"path":"C:\\Projects\\jwt-api-express\\src\\db\\relations.ts","statementMap":{"0":{"start":{"line":11,"column":0},"end":{"line":11,"column":40}},"1":{"start":{"line":12,"column":0},"end":{"line":12,"column":52}},"2":{"start":{"line":13,"column":0},"end":{"line":13,"column":44}},"3":{"start":{"line":14,"column":0},"end":{"line":14,"column":61}},"4":{"start":{"line":16,"column":13},"end":{"line":16,"column":65}},"5":{"start":{"line":16,"column":60},"end":{"line":16,"column":62}},"6":{"start":{"line":18,"column":13},"end":{"line":20,"column":4}},"7":{"start":{"line":18,"column":62},"end":{"line":20,"column":2}},"8":{"start":{"line":22,"column":13},"end":{"line":31,"column":4}},"9":{"start":{"line":22,"column":77},"end":{"line":31,"column":2}}},"fnMap":{"0":{"name":"(anonymous_0)","decl":{"start":{"line":16,"column":53},"end":{"line":16,"column":56}},"loc":{"start":{"line":16,"column":60},"end":{"line":16,"column":62}}},"1":{"name":"(anonymous_1)","decl":{"start":{"line":18,"column":47},"end":{"line":18,"column":48}},"loc":{"start":{"line":18,"column":62},"end":{"line":20,"column":2}}},"2":{"name":"(anonymous_2)","decl":{"start":{"line":22,"column":63},"end":{"line":22,"column":64}},"loc":{"start":{"line":22,"column":77},"end":{"line":31,"column":2}}}},"branchMap":{},"s":{"0":18,"1":18,"2":18,"3":18,"4":18,"5":18,"6":18,"7":18,"8":18,"9":18},"f":{"0":18,"1":18,"2":18},"b":{}}
,"C:\\Projects\\jwt-api-express\\src\\db\\queries\\auth.queries.ts": {"path":"C:\\Projects\\jwt-api-express\\src\\db\\queries\\auth.queries.ts","statementMap":{"0":{"start":{"line":9,"column":0},"end":{"line":9,"column":7}},"1":{"start":{"line":3,"column":0},"end":{"line":3,"column":51}},"2":{"start":{"line":4,"column":0},"end":{"line":4,"column":48}},"3":{"start":{"line":5,"column":0},"end":{"line":5,"column":28}},"4":{"start":{"line":6,"column":0},"end":{"line":6,"column":49}},"5":{"start":{"line":7,"column":0},"end":{"line":7,"column":66}},"6":{"start":{"line":13,"column":15},"end":{"line":13,"column":42}},"7":{"start":{"line":15,"column":2},"end":{"line":21,"column":3}},"8":{"start":{"line":16,"column":4},"end":{"line":20,"column":6}},"9":{"start":{"line":23,"column":2},"end":{"line":29,"column":3}},"10":{"start":{"line":24,"column":4},"end":{"line":28,"column":6}},"11":{"start":{"line":31,"column":26},"end":{"line":33,"column":null}},"12":{"start":{"line":36,"column":2},"end":{"line":42,"column":3}},"13":{"start":{"line":37,"column":4},"end":{"line":41,"column":6}},"14":{"start":{"line":44,"column":18},"end":{"line":44,"column":47}},"15":{"start":{"line":46,"column":2},"end":{"line":52,"column":3}},"16":{"start":{"line":47,"column":4},"end":{"line":51,"column":6}},"17":{"start":{"line":54,"column":2},"end":{"line":57,"column":4}}},"fnMap":{"0":{"name":"login","decl":{"start":{"line":9,"column":22},"end":{"line":9,"column":27}},"loc":{"start":{"line":11,"column":18},"end":{"line":58,"column":1}}}},"branchMap":{"0":{"loc":{"start":{"line":15,"column":2},"end":{"line":21,"column":3}},"type":"if","locations":[{"start":{"line":15,"column":2},"end":{"line":21,"column":3}},{"start":{},"end":{}}]},"1":{"loc":{"start":{"line":23,"column":2},"end":{"line":29,"column":3}},"type":"if","locations":[{"start":{"line":23,"column":2},"end":{"line":29,"column":3}},{"start":{},"end":{}}]},"2":{"loc":{"start":{"line":36,"column":2},"end":{"line":42,"column":3}},"type":"if","locations":[{"start":{"line":36,"column":2},"end":{"line":42,"column":3}},{"start":{},"end":{}}]},"3":{"loc":{"start":{"line":46,"column":2},"end":{"line":52,"column":3}},"type":"if","locations":[{"start":{"line":46,"column":2},"end":{"line":52,"column":3}},{"start":{},"end":{}}]}},"s":{"0":8,"1":8,"2":8,"3":8,"4":8,"5":8,"6":10,"7":10,"8":3,"9":7,"10":2,"11":5,"12":5,"13":2,"14":3,"15":3,"16":2,"17":1},"f":{"0":10},"b":{"0":[3,7],"1":[2,5],"2":[2,3],"3":[2,1]}}
,"C:\\Projects\\jwt-api-express\\src\\db\\queries\\profile.queries.ts": {"path":"C:\\Projects\\jwt-api-express\\src\\db\\queries\\profile.queries.ts","statementMap":{"0":{"start":{"line":9,"column":0},"end":{"line":9,"column":7}},"1":{"start":{"line":13,"column":0},"end":{"line":13,"column":7}},"2":{"start":{"line":22,"column":0},"end":{"line":22,"column":7}},"3":{"start":{"line":33,"column":0},"end":{"line":33,"column":7}},"4":{"start":{"line":65,"column":0},"end":{"line":65,"column":7}},"5":{"start":{"line":77,"column":0},"end":{"line":77,"column":7}},"6":{"start":{"line":85,"column":0},"end":{"line":85,"column":7}},"7":{"start":{"line":1,"column":0},"end":{"line":1,"column":46}},"8":{"start":{"line":2,"column":0},"end":{"line":2,"column":30}},"9":{"start":{"line":3,"column":0},"end":{"line":3,"column":null}},"10":{"start":{"line":10,"column":2},"end":{"line":10,"column":77}},"11":{"start":{"line":14,"column":17},"end":{"line":18,"column":13}},"12":{"start":{"line":19,"column":2},"end":{"line":19,"column":27}},"13":{"start":{"line":25,"column":17},"end":{"line":29,"column":13}},"14":{"start":{"line":30,"column":2},"end":{"line":30,"column":27}},"15":{"start":{"line":34,"column":2},"end":{"line":62,"column":3}},"16":{"start":{"line":35,"column":19},"end":{"line":35,"column":76}},"17":{"start":{"line":36,"column":4},"end":{"line":38,"column":5}},"18":{"start":{"line":37,"column":6},"end":{"line":37,"column":50}},"19":{"start":{"line":39,"column":4},"end":{"line":39,"column":21}},"20":{"start":{"line":41,"column":4},"end":{"line":60,"column":5}},"21":{"start":{"line":42,"column":27},"end":{"line":42,"column":54}},"22":{"start":{"line":43,"column":6},"end":{"line":52,"column":7}},"23":{"start":{"line":49,"column":8},"end":{"line":51,"column":10}},"24":{"start":{"line":53,"column":6},"end":{"line":59,"column":7}},"25":{"start":{"line":58,"column":8},"end":{"line":58,"column":65}},"26":{"start":{"line":61,"column":4},"end":{"line":61,"column":16}},"27":{"start":{"line":69,"column":17},"end":{"line":73,"column":16}},"28":{"start":{"line":74,"column":2},"end":{"line":74,"column":27}},"29":{"start":{"line":78,"column":17},"end":{"line":81,"column":16}},"30":{"start":{"line":82,"column":2},"end":{"line":82,"column":27}},"31":{"start":{"line":86,"column":24},"end":{"line":86,"column":74}},"32":{"start":{"line":87,"column":25},"end":{"line":90,"column":41}},"33":{"start":{"line":92,"column":2},"end":{"line":95,"column":4}}},"fnMap":{"0":{"name":"getAllProfiles","decl":{"start":{"line":9,"column":22},"end":{"line":9,"column":36}},"loc":{"start":{"line":9,"column":36},"end":{"line":11,"column":1}}},"1":{"name":"getProfileById","decl":{"start":{"line":13,"column":22},"end":{"line":13,"column":36}},"loc":{"start":{"line":13,"column":47},"end":{"line":20,"column":1}}},"2":{"name":"getProfileByEmail","decl":{"start":{"line":22,"column":22},"end":{"line":22,"column":39}},"loc":{"start":{"line":23,"column":15},"end":{"line":31,"column":1}}},"3":{"name":"createProfile","decl":{"start":{"line":33,"column":22},"end":{"line":33,"column":35}},"loc":{"start":{"line":33,"column":59},"end":{"line":63,"column":1}}},"4":{"name":"updateProfile","decl":{"start":{"line":65,"column":22},"end":{"line":65,"column":35}},"loc":{"start":{"line":67,"column":34},"end":{"line":75,"column":1}}},"5":{"name":"deleteProfile","decl":{"start":{"line":77,"column":22},"end":{"line":77,"column":35}},"loc":{"start":{"line":77,"column":46},"end":{"line":83,"column":1}}},"6":{"name":"getProfileStats","decl":{"start":{"line":85,"column":22},"end":{"line":85,"column":37}},"loc":{"start":{"line":85,"column":37},"end":{"line":96,"column":1}}}},"branchMap":{"0":{"loc":{"start":{"line":19,"column":9},"end":{"line":19,"column":26}},"type":"binary-expr","locations":[{"start":{"line":19,"column":9},"end":{"line":19,"column":18}},{"start":{"line":19,"column":22},"end":{"line":19,"column":26}}]},"1":{"loc":{"start":{"line":30,"column":9},"end":{"line":30,"column":26}},"type":"binary-expr","locations":[{"start":{"line":30,"column":9},"end":{"line":30,"column":18}},{"start":{"line":30,"column":22},"end":{"line":30,"column":26}}]},"2":{"loc":{"start":{"line":36,"column":4},"end":{"line":38,"column":5}},"type":"if","locations":[{"start":{"line":36,"column":4},"end":{"line":38,"column":5}},{"start":{},"end":{}}]},"3":{"loc":{"start":{"line":41,"column":4},"end":{"line":60,"column":5}},"type":"if","locations":[{"start":{"line":41,"column":4},"end":{"line":60,"column":5}},{"start":{},"end":{}}]},"4":{"loc":{"start":{"line":43,"column":6},"end":{"line":52,"column":7}},"type":"if","locations":[{"start":{"line":43,"column":6},"end":{"line":52,"column":7}},{"start":{},"end":{}}]},"5":{"loc":{"start":{"line":44,"column":8},"end":{"line":47,"column":49}},"type":"binary-expr","locations":[{"start":{"line":44,"column":8},"end":{"line":44,"column":44}},{"start":{"line":45,"column":8},"end":{"line":45,"column":53}},{"start":{"line":46,"column":8},"end":{"line":46,"column":38}},{"start":{"line":47,"column":8},"end":{"line":47,"column":49}}]},"6":{"loc":{"start":{"line":53,"column":6},"end":{"line":59,"column":7}},"type":"if","locations":[{"start":{"line":53,"column":6},"end":{"line":59,"column":7}},{"start":{},"end":{}}]},"7":{"loc":{"start":{"line":54,"column":8},"end":{"line":56,"column":38}},"type":"binary-expr","locations":[{"start":{"line":54,"column":8},"end":{"line":54,"column":46}},{"start":{"line":55,"column":8},"end":{"line":55,"column":50}},{"start":{"line":56,"column":8},"end":{"line":56,"column":38}}]},"8":{"loc":{"start":{"line":74,"column":9},"end":{"line":74,"column":26}},"type":"binary-expr","locations":[{"start":{"line":74,"column":9},"end":{"line":74,"column":18}},{"start":{"line":74,"column":22},"end":{"line":74,"column":26}}]},"9":{"loc":{"start":{"line":93,"column":11},"end":{"line":93,"column":39}},"type":"binary-expr","locations":[{"start":{"line":93,"column":11},"end":{"line":93,"column":34}},{"start":{"line":93,"column":38},"end":{"line":93,"column":39}}]},"10":{"loc":{"start":{"line":94,"column":12},"end":{"line":94,"column":41}},"type":"binary-expr","locations":[{"start":{"line":94,"column":12},"end":{"line":94,"column":36}},{"start":{"line":94,"column":40},"end":{"line":94,"column":41}}]}},"s":{"0":12,"1":12,"2":12,"3":12,"4":12,"5":12,"6":12,"7":12,"8":12,"9":12,"10":1,"11":2,"12":2,"13":2,"14":2,"15":5,"16":5,"17":2,"18":1,"19":1,"20":4,"21":4,"22":4,"23":1,"24":3,"25":1,"26":2,"27":2,"28":2,"29":2,"30":2,"31":2,"32":2,"33":2},"f":{"0":1,"1":2,"2":2,"3":5,"4":2,"5":2,"6":2},"b":{"0":[2,1],"1":[2,1],"2":[1,1],"3":[4,0],"4":[1,3],"5":[4,3,3,3],"6":[1,2],"7":[3,2,2],"8":[2,1],"9":[2,0],"10":[2,0]}}
,"C:\\Projects\\jwt-api-express\\src\\db\\queries\\refresh-token.queries.ts": {"path":"C:\\Projects\\jwt-api-express\\src\\db\\queries\\refresh-token.queries.ts","statementMap":{"0":{"start":{"line":10,"column":0},"end":{"line":10,"column":7}},"1":{"start":{"line":33,"column":0},"end":{"line":33,"column":7}},"2":{"start":{"line":50,"column":0},"end":{"line":50,"column":7}},"3":{"start":{"line":63,"column":0},"end":{"line":63,"column":7}},"4":{"start":{"line":76,"column":0},"end":{"line":76,"column":7}},"5":{"start":{"line":80,"column":0},"end":{"line":80,"column":16}},"6":{"start":{"line":84,"column":0},"end":{"line":84,"column":16}},"7":{"start":{"line":1,"column":0},"end":{"line":1,"column":30}},"8":{"start":{"line":2,"column":0},"end":{"line":2,"column":62}},"9":{"start":{"line":3,"column":0},"end":{"line":3,"column":50}},"10":{"start":{"line":8,"column":0},"end":{"line":8,"column":28}},"11":{"start":{"line":13,"column":20},"end":{"line":13,"column":41}},"12":{"start":{"line":15,"column":21},"end":{"line":24,"column":16}},"13":{"start":{"line":26,"column":2},"end":{"line":28,"column":3}},"14":{"start":{"line":27,"column":4},"end":{"line":27,"column":54}},"15":{"start":{"line":30,"column":2},"end":{"line":30,"column":18}},"16":{"start":{"line":36,"column":18},"end":{"line":45,"column":13}},"17":{"start":{"line":47,"column":2},"end":{"line":47,"column":15}},"18":{"start":{"line":54,"column":2},"end":{"line":60,"column":42}},"19":{"start":{"line":66,"column":2},"end":{"line":73,"column":6}},"20":{"start":{"line":77,"column":2},"end":{"line":77,"column":80}},"21":{"start":{"line":81,"column":2},"end":{"line":81,"column":65}},"22":{"start":{"line":85,"column":2},"end":{"line":85,"column":54}}},"fnMap":{"0":{"name":"createRefreshToken","decl":{"start":{"line":10,"column":22},"end":{"line":10,"column":40}},"loc":{"start":{"line":11,"column":62},"end":{"line":31,"column":1}}},"1":{"name":"findRefreshTokenByHash","decl":{"start":{"line":33,"column":22},"end":{"line":33,"column":44}},"loc":{"start":{"line":34,"column":19},"end":{"line":48,"column":1}}},"2":{"name":"revokeRefreshToken","decl":{"start":{"line":50,"column":22},"end":{"line":50,"column":40}},"loc":{"start":{"line":52,"column":28},"end":{"line":61,"column":1}}},"3":{"name":"revokeAllUserRefreshTokens","decl":{"start":{"line":63,"column":22},"end":{"line":63,"column":48}},"loc":{"start":{"line":64,"column":16},"end":{"line":74,"column":1}}},"4":{"name":"cleanupExpiredTokens","decl":{"start":{"line":76,"column":22},"end":{"line":76,"column":42}},"loc":{"start":{"line":76,"column":42},"end":{"line":78,"column":1}}},"5":{"name":"hashToken","decl":{"start":{"line":80,"column":16},"end":{"line":80,"column":25}},"loc":{"start":{"line":80,"column":39},"end":{"line":82,"column":1}}},"6":{"name":"generateRefreshToken","decl":{"start":{"line":84,"column":16},"end":{"line":84,"column":36}},"loc":{"start":{"line":84,"column":36},"end":{"line":86,"column":1}}}},"branchMap":{"0":{"loc":{"start":{"line":26,"column":2},"end":{"line":28,"column":3}},"type":"if","locations":[{"start":{"line":26,"column":2},"end":{"line":28,"column":3}},{"start":{},"end":{}}]},"1":{"loc":{"start":{"line":58,"column":23},"end":{"line":58,"column":48}},"type":"binary-expr","locations":[{"start":{"line":58,"column":23},"end":{"line":58,"column":40}},{"start":{"line":58,"column":44},"end":{"line":58,"column":48}}]}},"s":{"0":8,"1":8,"2":8,"3":8,"4":8,"5":8,"6":8,"7":8,"8":8,"9":8,"10":8,"11":3,"12":3,"13":3,"14":1,"15":2,"16":2,"17":2,"18":2,"19":1,"20":1,"21":4,"22":1},"f":{"0":3,"1":2,"2":2,"3":1,"4":1,"5":4,"6":1},"b":{"0":[1,2],"1":[2,1]}}
,"C:\\Projects\\jwt-api-express\\src\\db\\queries\\user.queries.ts": {"path":"C:\\Projects\\jwt-api-express\\src\\db\\queries\\user.queries.ts","statementMap":{"0":{"start":{"line":12,"column":0},"end":{"line":12,"column":7}},"1":{"start":{"line":81,"column":0},"end":{"line":81,"column":7}},"2":{"start":{"line":86,"column":0},"end":{"line":86,"column":7}},"3":{"start":{"line":95,"column":0},"end":{"line":95,"column":7}},"4":{"start":{"line":1,"column":0},"end":{"line":1,"column":33}},"5":{"start":{"line":2,"column":0},"end":{"line":2,"column":30}},"6":{"start":{"line":3,"column":0},"end":{"line":3,"column":70}},"7":{"start":{"line":4,"column":0},"end":{"line":4,"column":null}},"8":{"start":{"line":10,"column":0},"end":{"line":10,"column":28}},"9":{"start":{"line":20,"column":28},"end":{"line":20,"column":68}},"10":{"start":{"line":22,"column":27},"end":{"line":37,"column":4}},"11":{"start":{"line":39,"column":24},"end":{"line":39,"column":74}},"12":{"start":{"line":41,"column":22},"end":{"line":41,"column":38}},"13":{"start":{"line":43,"column":2},"end":{"line":45,"column":3}},"14":{"start":{"line":44,"column":4},"end":{"line":44,"column":45}},"15":{"start":{"line":47,"column":2},"end":{"line":47,"column":59}},"16":{"start":{"line":47,"column":33},"end":{"line":47,"column":57}},"17":{"start":{"line":49,"column":16},"end":{"line":49,"column":52}},"18":{"start":{"line":51,"column":2},"end":{"line":61,"column":3}},"19":{"start":{"line":52,"column":4},"end":{"line":60,"column":7}},"20":{"start":{"line":63,"column":2},"end":{"line":69,"column":3}},"21":{"start":{"line":64,"column":4},"end":{"line":68,"column":7}},"22":{"start":{"line":71,"column":2},"end":{"line":73,"column":3}},"23":{"start":{"line":72,"column":4},"end":{"line":72,"column":50}},"24":{"start":{"line":75,"column":2},"end":{"line":78,"column":4}},"25":{"start":{"line":82,"column":17},"end":{"line":82,"column":79}},"26":{"start":{"line":83,"column":2},"end":{"line":83,"column":27}},"27":{"start":{"line":87,"column":17},"end":{"line":91,"column":13}},"28":{"start":{"line":92,"column":2},"end":{"line":92,"column":27}},"29":{"start":{"line":106,"column":23},"end":{"line":106,"column":44}},"30":{"start":{"line":108,"column":2},"end":{"line":110,"column":3}},"31":{"start":{"line":109,"column":4},"end":{"line":109,"column":45}},"32":{"start":{"line":112,"column":43},"end":{"line":114,"column":4}},"33":{"start":{"line":116,"column":2},"end":{"line":118,"column":3}},"34":{"start":{"line":117,"column":4},"end":{"line":117,"column":42}},"35":{"start":{"line":120,"column":2},"end":{"line":125,"column":3}},"36":{"start":{"line":121,"column":4},"end":{"line":124,"column":6}},"37":{"start":{"line":127,"column":2},"end":{"line":129,"column":3}},"38":{"start":{"line":128,"column":4},"end":{"line":128,"column":40}},"39":{"start":{"line":131,"column":2},"end":{"line":136,"column":3}},"40":{"start":{"line":132,"column":4},"end":{"line":135,"column":6}},"41":{"start":{"line":138,"column":23},"end":{"line":142,"column":16}},"42":{"start":{"line":144,"column":22},"end":{"line":144,"column":37}},"43":{"start":{"line":146,"column":2},"end":{"line":148,"column":3}},"44":{"start":{"line":147,"column":4},"end":{"line":147,"column":45}},"45":{"start":{"line":150,"column":16},"end":{"line":150,"column":40}},"46":{"start":{"line":152,"column":2},"end":{"line":192,"column":3}},"47":{"start":{"line":153,"column":27},"end":{"line":160,"column":6}},"48":{"start":{"line":161,"column":4},"end":{"line":161,"column":50}},"49":{"start":{"line":168,"column":8},"end":{"line":168,"column":10}},"50":{"start":{"line":170,"column":4},"end":{"line":172,"column":5}},"51":{"start":{"line":171,"column":6},"end":{"line":171,"column":47}},"52":{"start":{"line":174,"column":4},"end":{"line":176,"column":5}},"53":{"start":{"line":175,"column":6},"end":{"line":175,"column":55}},"54":{"start":{"line":178,"column":4},"end":{"line":180,"column":5}},"55":{"start":{"line":179,"column":6},"end":{"line":179,"column":43}},"56":{"start":{"line":182,"column":4},"end":{"line":184,"column":5}},"57":{"start":{"line":183,"column":6},"end":{"line":183,"column":57}},"58":{"start":{"line":186,"column":4},"end":{"line":191,"column":5}},"59":{"start":{"line":187,"column":29},"end":{"line":187,"column":71}},"60":{"start":{"line":188,"column":6},"end":{"line":190,"column":7}},"61":{"start":{"line":189,"column":8},"end":{"line":189,"column":33}},"62":{"start":{"line":194,"column":2},"end":{"line":196,"column":3}},"63":{"start":{"line":195,"column":4},"end":{"line":195,"column":60}},"64":{"start":{"line":198,"column":2},"end":{"line":201,"column":4}}},"fnMap":{"0":{"name":"createUser","decl":{"start":{"line":12,"column":22},"end":{"line":12,"column":32}},"loc":{"start":{"line":19,"column":1},"end":{"line":79,"column":1}}},"1":{"name":"(anonymous_2)","decl":{"start":{"line":47,"column":20},"end":{"line":47,"column":21}},"loc":{"start":{"line":47,"column":33},"end":{"line":47,"column":57}}},"2":{"name":"getUserById","decl":{"start":{"line":81,"column":22},"end":{"line":81,"column":33}},"loc":{"start":{"line":81,"column":44},"end":{"line":84,"column":1}}},"3":{"name":"getUserByEmail","decl":{"start":{"line":86,"column":22},"end":{"line":86,"column":36}},"loc":{"start":{"line":86,"column":50},"end":{"line":93,"column":1}}},"4":{"name":"updateUser","decl":{"start":{"line":95,"column":22},"end":{"line":95,"column":32}},"loc":{"start":{"line":104,"column":3},"end":{"line":202,"column":1}}}},"branchMap":{"0":{"loc":{"start":{"line":25,"column":10},"end":{"line":25,"column":33}},"type":"binary-expr","locations":[{"start":{"line":25,"column":10},"end":{"line":25,"column":23}},{"start":{"line":25,"column":27},"end":{"line":25,"column":33}}]},"1":{"loc":{"start":{"line":33,"column":24},"end":{"line":35,"column":10}},"type":"cond-expr","locations":[{"start":{"line":34,"column":8},"end":{"line":34,"column":41}},{"start":{"line":35,"column":8},"end":{"line":35,"column":10}}]},"2":{"loc":{"start":{"line":43,"column":2},"end":{"line":45,"column":3}},"type":"if","locations":[{"start":{"line":43,"column":2},"end":{"line":45,"column":3}},{"start":{},"end":{}}]},"3":{"loc":{"start":{"line":51,"column":2},"end":{"line":61,"column":3}},"type":"if","locations":[{"start":{"line":51,"column":2},"end":{"line":61,"column":3}},{"start":{},"end":{}}]},"4":{"loc":{"start":{"line":54,"column":13},"end":{"line":54,"column":43}},"type":"binary-expr","locations":[{"start":{"line":54,"column":13},"end":{"line":54,"column":30}},{"start":{"line":54,"column":34},"end":{"line":54,"column":43}}]},"5":{"loc":{"start":{"line":56,"column":8},"end":{"line":59,"column":17}},"type":"binary-expr","locations":[{"start":{"line":56,"column":8},"end":{"line":56,"column":26}},{"start":{"line":57,"column":9},"end":{"line":57,"column":77}},{"start":{"line":58,"column":8},"end":{"line":58,"column":25}},{"start":{"line":59,"column":8},"end":{"line":59,"column":17}}]},"6":{"loc":{"start":{"line":63,"column":2},"end":{"line":69,"column":3}},"type":"if","locations":[{"start":{"line":63,"column":2},"end":{"line":69,"column":3}},{"start":{},"end":{}}]},"7":{"loc":{"start":{"line":63,"column":6},"end":{"line":63,"column":63}},"type":"binary-expr","locations":[{"start":{"line":63,"column":6},"end":{"line":63,"column":24}},{"start":{"line":63,"column":28},"end":{"line":63,"column":40}},{"start":{"line":63,"column":44},"end":{"line":63,"column":63}}]},"8":{"loc":{"start":{"line":65,"column":17},"end":{"line":65,"column":69}},"type":"binary-expr","locations":[{"start":{"line":65,"column":17},"end":{"line":65,"column":35}},{"start":{"line":65,"column":39},"end":{"line":65,"column":56}},{"start":{"line":65,"column":60},"end":{"line":65,"column":69}}]},"9":{"loc":{"start":{"line":66,"column":11},"end":{"line":66,"column":51}},"type":"binary-expr","locations":[{"start":{"line":66,"column":11},"end":{"line":66,"column":23}},{"start":{"line":66,"column":27},"end":{"line":66,"column":38}},{"start":{"line":66,"column":42},"end":{"line":66,"column":51}}]},"10":{"loc":{"start":{"line":67,"column":18},"end":{"line":67,"column":72}},"type":"binary-expr","locations":[{"start":{"line":67,"column":18},"end":{"line":67,"column":37}},{"start":{"line":67,"column":41},"end":{"line":67,"column":59}},{"start":{"line":67,"column":63},"end":{"line":67,"column":72}}]},"11":{"loc":{"start":{"line":71,"column":2},"end":{"line":73,"column":3}},"type":"if","locations":[{"start":{"line":71,"column":2},"end":{"line":73,"column":3}},{"start":{},"end":{}}]},"12":{"loc":{"start":{"line":83,"column":9},"end":{"line":83,"column":26}},"type":"binary-expr","locations":[{"start":{"line":83,"column":9},"end":{"line":83,"column":18}},{"start":{"line":83,"column":22},"end":{"line":83,"column":26}}]},"13":{"loc":{"start":{"line":92,"column":9},"end":{"line":92,"column":26}},"type":"binary-expr","locations":[{"start":{"line":92,"column":9},"end":{"line":92,"column":18}},{"start":{"line":92,"column":22},"end":{"line":92,"column":26}}]},"14":{"loc":{"start":{"line":108,"column":2},"end":{"line":110,"column":3}},"type":"if","locations":[{"start":{"line":108,"column":2},"end":{"line":110,"column":3}},{"start":{},"end":{}}]},"15":{"loc":{"start":{"line":116,"column":2},"end":{"line":118,"column":3}},"type":"if","locations":[{"start":{"line":116,"column":2},"end":{"line":118,"column":3}},{"start":{},"end":{}}]},"16":{"loc":{"start":{"line":120,"column":2},"end":{"line":125,"column":3}},"type":"if","locations":[{"start":{"line":120,"column":2},"end":{"line":125,"column":3}},{"start":{},"end":{}}]},"17":{"loc":{"start":{"line":127,"column":2},"end":{"line":129,"column":3}},"type":"if","locations":[{"start":{"line":127,"column":2},"end":{"line":129,"column":3}},{"start":{},"end":{}}]},"18":{"loc":{"start":{"line":131,"column":2},"end":{"line":136,"column":3}},"type":"if","locations":[{"start":{"line":131,"column":2},"end":{"line":136,"column":3}},{"start":{},"end":{}}]},"19":{"loc":{"start":{"line":133,"column":11},"end":{"line":133,"column":59}},"type":"binary-expr","locations":[{"start":{"line":133,"column":11},"end":{"line":133,"column":53}},{"start":{"line":133,"column":57},"end":{"line":133,"column":59}}]},"20":{"loc":{"start":{"line":146,"column":2},"end":{"line":148,"column":3}},"type":"if","locations":[{"start":{"line":146,"column":2},"end":{"line":148,"column":3}},{"start":{},"end":{}}]},"21":{"loc":{"start":{"line":152,"column":2},"end":{"line":192,"column":3}},"type":"if","locations":[{"start":{"line":152,"column":2},"end":{"line":192,"column":3}},{"start":{"line":162,"column":9},"end":{"line":192,"column":3}}]},"22":{"loc":{"start":{"line":155,"column":13},"end":{"line":155,"column":43}},"type":"binary-expr","locations":[{"start":{"line":155,"column":13},"end":{"line":155,"column":30}},{"start":{"line":155,"column":34},"end":{"line":155,"column":43}}]},"23":{"loc":{"start":{"line":157,"column":8},"end":{"line":159,"column":17}},"type":"binary-expr","locations":[{"start":{"line":157,"column":8},"end":{"line":157,"column":26}},{"start":{"line":158,"column":9},"end":{"line":158,"column":77}},{"start":{"line":159,"column":8},"end":{"line":159,"column":17}}]},"24":{"loc":{"start":{"line":170,"column":4},"end":{"line":172,"column":5}},"type":"if","locations":[{"start":{"line":170,"column":4},"end":{"line":172,"column":5}},{"start":{},"end":{}}]},"25":{"loc":{"start":{"line":174,"column":4},"end":{"line":176,"column":5}},"type":"if","locations":[{"start":{"line":174,"column":4},"end":{"line":176,"column":5}},{"start":{},"end":{}}]},"26":{"loc":{"start":{"line":178,"column":4},"end":{"line":180,"column":5}},"type":"if","locations":[{"start":{"line":178,"column":4},"end":{"line":180,"column":5}},{"start":{},"end":{}}]},"27":{"loc":{"start":{"line":182,"column":4},"end":{"line":184,"column":5}},"type":"if","locations":[{"start":{"line":182,"column":4},"end":{"line":184,"column":5}},{"start":{},"end":{}}]},"28":{"loc":{"start":{"line":186,"column":4},"end":{"line":191,"column":5}},"type":"if","locations":[{"start":{"line":186,"column":4},"end":{"line":191,"column":5}},{"start":{},"end":{}}]},"29":{"loc":{"start":{"line":188,"column":6},"end":{"line":190,"column":7}},"type":"if","locations":[{"start":{"line":188,"column":6},"end":{"line":190,"column":7}},{"start":{},"end":{}}]},"30":{"loc":{"start":{"line":194,"column":2},"end":{"line":196,"column":3}},"type":"if","locations":[{"start":{"line":194,"column":2},"end":{"line":196,"column":3}},{"start":{},"end":{}}]}},"s":{"0":11,"1":11,"2":11,"3":11,"4":11,"5":11,"6":11,"7":11,"8":11,"9":7,"10":7,"11":7,"12":7,"13":7,"14":1,"15":6,"16":6,"17":6,"18":6,"19":3,"20":6,"21":6,"22":6,"23":1,"24":5,"25":13,"26":13,"27":3,"28":3,"29":11,"30":11,"31":1,"32":10,"33":10,"34":3,"35":10,"36":1,"37":10,"38":1,"39":10,"40":3,"41":10,"42":10,"43":10,"44":1,"45":9,"46":9,"47":3,"48":3,"49":6,"50":6,"51":1,"52":6,"53":2,"54":6,"55":1,"56":6,"57":1,"58":6,"59":3,"60":3,"61":3,"62":8,"63":0,"64":8},"f":{"0":7,"1":6,"2":13,"3":3,"4":11},"b":{"0":[7,7],"1":[4,3],"2":[1,6],"3":[3,3],"4":[3,0],"5":[3,2,2,0],"6":[6,0],"7":[6,2,1],"8":[6,2,2],"9":[6,3,3],"10":[6,3,3],"11":[1,5],"12":[13,2],"13":[3,2],"14":[1,10],"15":[3,7],"16":[1,9],"17":[1,9],"18":[3,7],"19":[3,0],"20":[1,9],"21":[3,6],"22":[3,1],"23":[3,2,2],"24":[1,5],"25":[2,4],"26":[1,5],"27":[1,5],"28":[3,3],"29":[3,0],"30":[0,8]}}
,"C:\\Projects\\jwt-api-express\\src\\db\\schema\\auth\\refresh_tokens.ts": {"path":"C:\\Projects\\jwt-api-express\\src\\db\\schema\\auth\\refresh_tokens.ts","statementMap":{"0":{"start":{"line":1,"column":0},"end":{"line":1,"column":null}},"1":{"start":{"line":8,"column":0},"end":{"line":8,"column":44}},"2":{"start":{"line":10,"column":13},"end":{"line":33,"column":2}},"3":{"start":{"line":16,"column":24},"end":{"line":16,"column":32}},"4":{"start":{"line":27,"column":14},"end":{"line":32,"column":4}}},"fnMap":{"0":{"name":"(anonymous_0)","decl":{"start":{"line":16,"column":18},"end":{"line":16,"column":21}},"loc":{"start":{"line":16,"column":24},"end":{"line":16,"column":32}}},"1":{"name":"(anonymous_1)","decl":{"start":{"line":27,"column":2},"end":{"line":27,"column":3}},"loc":{"start":{"line":27,"column":14},"end":{"line":32,"column":4}}}},"branchMap":{},"s":{"0":19,"1":19,"2":19,"3":0,"4":18},"f":{"0":0,"1":18},"b":{}}
,"C:\\Projects\\jwt-api-express\\src\\db\\schema\\auth\\users.ts": {"path":"C:\\Projects\\jwt-api-express\\src\\db\\schema\\auth\\users.ts","statementMap":{"0":{"start":{"line":1,"column":0},"end":{"line":1,"column":null}},"1":{"start":{"line":11,"column":13},"end":{"line":11,"column":43}},"2":{"start":{"line":13,"column":13},"end":{"line":62,"column":3}}},"fnMap":{},"branchMap":{},"s":{"0":20,"1":20,"2":20},"f":{},"b":{}}
,"C:\\Projects\\jwt-api-express\\src\\db\\schema\\public\\profiles.ts": {"path":"C:\\Projects\\jwt-api-express\\src\\db\\schema\\public\\profiles.ts","statementMap":{"0":{"start":{"line":1,"column":0},"end":{"line":1,"column":76}},"1":{"start":{"line":6,"column":13},"end":{"line":21,"column":2}},"2":{"start":{"line":18,"column":14},"end":{"line":20,"column":4}}},"fnMap":{"0":{"name":"(anonymous_0)","decl":{"start":{"line":18,"column":2},"end":{"line":18,"column":3}},"loc":{"start":{"line":18,"column":14},"end":{"line":20,"column":4}}}},"branchMap":{},"s":{"0":20,"1":20,"2":18},"f":{"0":18},"b":{}}
,"C:\\Projects\\jwt-api-express\\src\\errors\\AppError.ts": {"path":"C:\\Projects\\jwt-api-express\\src\\errors\\AppError.ts","statementMap":{"0":{"start":{"line":12,"column":4},"end":{"line":12,"column":19}},"1":{"start":{"line":13,"column":4},"end":{"line":13,"column":33}},"2":{"start":{"line":14,"column":4},"end":{"line":14,"column":34}},"3":{"start":{"line":15,"column":4},"end":{"line":15,"column":39}},"4":{"start":{"line":17,"column":4},"end":{"line":17,"column":52}},"5":{"start":{"line":1,"column":0},"end":{"line":1,"column":13}}},"fnMap":{"0":{"name":"(anonymous_0)","decl":{"start":{"line":6,"column":2},"end":{"line":6,"column":null}},"loc":{"start":{"line":10,"column":33},"end":{"line":18,"column":3}}}},"branchMap":{"0":{"loc":{"start":{"line":8,"column":4},"end":{"line":8,"column":28}},"type":"default-arg","locations":[{"start":{"line":8,"column":25},"end":{"line":8,"column":28}}]},"1":{"loc":{"start":{"line":10,"column":4},"end":{"line":10,"column":33}},"type":"default-arg","locations":[{"start":{"line":10,"column":29},"end":{"line":10,"column":33}}]},"2":{"loc":{"start":{"line":14,"column":16},"end":{"line":14,"column":33}},"type":"binary-expr","locations":[{"start":{"line":14,"column":16},"end":{"line":14,"column":20}},{"start":{"line":14,"column":24},"end":{"line":14,"column":33}}]}},"s":{"0":60,"1":60,"2":60,"3":60,"4":60,"5":14},"f":{"0":60},"b":{"0":[1],"1":[59],"2":[60,3]}}
,"C:\\Projects\\jwt-api-express\\src\\middleware\\auth.middleware.ts": {"path":"C:\\Projects\\jwt-api-express\\src\\middleware\\auth.middleware.ts","statementMap":{"0":{"start":{"line":4,"column":0},"end":{"line":4,"column":16}},"1":{"start":{"line":2,"column":0},"end":{"line":2,"column":43}},"2":{"start":{"line":9,"column":18},"end":{"line":9,"column":70}},"3":{"start":{"line":10,"column":36},"end":{"line":10,"column":57}},"4":{"start":{"line":12,"column":2},"end":{"line":15,"column":3}},"5":{"start":{"line":13,"column":4},"end":{"line":13,"column":24}},"6":{"start":{"line":14,"column":4},"end":{"line":14,"column":11}},"7":{"start":{"line":17,"column":2},"end":{"line":23,"column":3}},"8":{"start":{"line":18,"column":20},"end":{"line":18,"column":38}},"9":{"start":{"line":19,"column":4},"end":{"line":19,"column":23}},"10":{"start":{"line":20,"column":4},"end":{"line":20,"column":11}},"11":{"start":{"line":22,"column":4},"end":{"line":22,"column":24}}},"fnMap":{"0":{"name":"authMiddleware","decl":{"start":{"line":4,"column":16},"end":{"line":4,"column":30}},"loc":{"start":{"line":7,"column":20},"end":{"line":24,"column":1}}}},"branchMap":{"0":{"loc":{"start":{"line":12,"column":2},"end":{"line":15,"column":3}},"type":"if","locations":[{"start":{"line":12,"column":2},"end":{"line":15,"column":3}},{"start":{},"end":{}}]},"1":{"loc":{"start":{"line":12,"column":6},"end":{"line":12,"column":41}},"type":"binary-expr","locations":[{"start":{"line":12,"column":6},"end":{"line":12,"column":12}},{"start":{"line":12,"column":16},"end":{"line":12,"column":41}}]}},"s":{"0":6,"1":6,"2":12,"3":12,"4":12,"5":10,"6":10,"7":2,"8":2,"9":1,"10":1,"11":1},"f":{"0":12},"b":{"0":[10,2],"1":[12,2]}}
,"C:\\Projects\\jwt-api-express\\src\\middleware\\error.middleware.ts": {"path":"C:\\Projects\\jwt-api-express\\src\\middleware\\error.middleware.ts","statementMap":{"0":{"start":{"line":4,"column":0},"end":{"line":4,"column":16}},"1":{"start":{"line":2,"column":0},"end":{"line":2,"column":46}},"2":{"start":{"line":10,"column":2},"end":{"line":20,"column":3}},"3":{"start":{"line":11,"column":4},"end":{"line":18,"column":7}},"4":{"start":{"line":19,"column":4},"end":{"line":19,"column":11}},"5":{"start":{"line":22,"column":2},"end":{"line":22,"column":42}},"6":{"start":{"line":24,"column":24},"end":{"line":24,"column":62}},"7":{"start":{"line":26,"column":2},"end":{"line":34,"column":5}}},"fnMap":{"0":{"name":"errorMiddleware","decl":{"start":{"line":4,"column":16},"end":{"line":4,"column":31}},"loc":{"start":{"line":8,"column":21},"end":{"line":35,"column":1}}}},"branchMap":{"0":{"loc":{"start":{"line":10,"column":2},"end":{"line":20,"column":3}},"type":"if","locations":[{"start":{"line":10,"column":2},"end":{"line":20,"column":3}},{"start":{},"end":{}}]},"1":{"loc":{"start":{"line":29,"column":15},"end":{"line":29,"column":73}},"type":"cond-expr","locations":[{"start":{"line":29,"column":31},"end":{"line":29,"column":42}},{"start":{"line":29,"column":45},"end":{"line":29,"column":73}}]},"2":{"loc":{"start":{"line":32,"column":10},"end":{"line":32,"column":47}},"type":"binary-expr","locations":[{"start":{"line":32,"column":10},"end":{"line":32,"column":23}},{"start":{"line":32,"column":27},"end":{"line":32,"column":47}}]}},"s":{"0":6,"1":6,"2":11,"3":9,"4":9,"5":2,"6":2,"7":2},"f":{"0":11},"b":{"0":[9,2],"1":[1,1],"2":[2,1]}}
,"C:\\Projects\\jwt-api-express\\src\\modules\\auth\\auth.controller.ts": {"path":"C:\\Projects\\jwt-api-express\\src\\modules\\auth\\auth.controller.ts","statementMap":{"0":{"start":{"line":2,"column":0},"end":{"line":2,"column":45}},"1":{"start":{"line":3,"column":0},"end":{"line":3,"column":80}},"2":{"start":{"line":4,"column":0},"end":{"line":4,"column":56}},"3":{"start":{"line":5,"column":0},"end":{"line":5,"column":49}},"4":{"start":{"line":6,"column":0},"end":{"line":6,"column":66}},"5":{"start":{"line":8,"column":20},"end":{"line":8,"column":37}},"6":{"start":{"line":10,"column":13},"end":{"line":74,"column":2}},"7":{"start":{"line":12,"column":32},"end":{"line":12,"column":null}},"8":{"start":{"line":17,"column":4},"end":{"line":23,"column":5}},"9":{"start":{"line":18,"column":6},"end":{"line":22,"column":8}},"10":{"start":{"line":25,"column":23},"end":{"line":25,"column":51}},"11":{"start":{"line":26,"column":4},"end":{"line":32,"column":5}},"12":{"start":{"line":27,"column":6},"end":{"line":31,"column":8}},"13":{"start":{"line":34,"column":22},"end":{"line":34,"column":47}},"14":{"start":{"line":35,"column":23},"end":{"line":35,"column":57}},"15":{"start":{"line":39,"column":19},"end":{"line":43,"column":null}},"16":{"start":{"line":46,"column":4},"end":{"line":52,"column":7}},"17":{"start":{"line":54,"column":4},"end":{"line":60,"column":7}},"18":{"start":{"line":62,"column":4},"end":{"line":72,"column":7}},"19":{"start":{"line":76,"column":13},"end":{"line":128,"column":2}},"20":{"start":{"line":78,"column":20},"end":{"line":78,"column":73}},"21":{"start":{"line":79,"column":25},"end":{"line":79,"column":47}},"22":{"start":{"line":81,"column":4},"end":{"line":87,"column":5}},"23":{"start":{"line":82,"column":6},"end":{"line":86,"column":8}},"24":{"start":{"line":89,"column":22},"end":{"line":89,"column":47}},"25":{"start":{"line":90,"column":23},"end":{"line":90,"column":57}},"26":{"start":{"line":94,"column":19},"end":{"line":97,"column":null}},"27":{"start":{"line":100,"column":4},"end":{"line":106,"column":7}},"28":{"start":{"line":108,"column":4},"end":{"line":114,"column":7}},"29":{"start":{"line":116,"column":4},"end":{"line":126,"column":7}},"30":{"start":{"line":130,"column":13},"end":{"line":158,"column":2}},"31":{"start":{"line":132,"column":20},"end":{"line":132,"column":73}},"32":{"start":{"line":133,"column":25},"end":{"line":133,"column":47}},"33":{"start":{"line":135,"column":4},"end":{"line":137,"column":5}},"34":{"start":{"line":136,"column":6},"end":{"line":136,"column":45}},"35":{"start":{"line":139,"column":4},"end":{"line":144,"column":7}},"36":{"start":{"line":146,"column":4},"end":{"line":151,"column":7}},"37":{"start":{"line":153,"column":4},"end":{"line":156,"column":7}}},"fnMap":{"0":{"name":"(anonymous_0)","decl":{"start":{"line":11,"column":2},"end":{"line":11,"column":7}},"loc":{"start":{"line":11,"column":55},"end":{"line":73,"column":3}}},"1":{"name":"(anonymous_1)","decl":{"start":{"line":77,"column":2},"end":{"line":77,"column":7}},"loc":{"start":{"line":77,"column":55},"end":{"line":127,"column":3}}},"2":{"name":"(anonymous_2)","decl":{"start":{"line":131,"column":2},"end":{"line":131,"column":7}},"loc":{"start":{"line":131,"column":55},"end":{"line":157,"column":3}}}},"branchMap":{"0":{"loc":{"start":{"line":17,"column":4},"end":{"line":23,"column":5}},"type":"if","locations":[{"start":{"line":17,"column":4},"end":{"line":23,"column":5}},{"start":{},"end":{}}]},"1":{"loc":{"start":{"line":17,"column":8},"end":{"line":17,"column":27}},"type":"binary-expr","locations":[{"start":{"line":17,"column":8},"end":{"line":17,"column":14}},{"start":{"line":17,"column":18},"end":{"line":17,"column":27}}]},"2":{"loc":{"start":{"line":26,"column":4},"end":{"line":32,"column":5}},"type":"if","locations":[{"start":{"line":26,"column":4},"end":{"line":32,"column":5}},{"start":{},"end":{}}]},"3":{"loc":{"start":{"line":35,"column":23},"end":{"line":35,"column":57}},"type":"binary-expr","locations":[{"start":{"line":35,"column":23},"end":{"line":35,"column":29}},{"start":{"line":35,"column":33},"end":{"line":35,"column":57}}]},"4":{"loc":{"start":{"line":81,"column":4},"end":{"line":87,"column":5}},"type":"if","locations":[{"start":{"line":81,"column":4},"end":{"line":87,"column":5}},{"start":{},"end":{}}]},"5":{"loc":{"start":{"line":90,"column":23},"end":{"line":90,"column":57}},"type":"binary-expr","locations":[{"start":{"line":90,"column":23},"end":{"line":90,"column":29}},{"start":{"line":90,"column":33},"end":{"line":90,"column":57}}]},"6":{"loc":{"start":{"line":135,"column":4},"end":{"line":137,"column":5}},"type":"if","locations":[{"start":{"line":135,"column":4},"end":{"line":137,"column":5}},{"start":{},"end":{}}]}},"s":{"0":6,"1":6,"2":6,"3":6,"4":6,"5":6,"6":6,"7":9,"8":9,"9":3,"10":6,"11":6,"12":2,"13":4,"14":4,"15":4,"16":3,"17":3,"18":3,"19":6,"20":5,"21":5,"22":5,"23":2,"24":3,"25":3,"26":3,"27":3,"28":3,"29":3,"30":6,"31":4,"32":4,"33":4,"34":1,"35":4,"36":4,"37":4},"f":{"0":9,"1":5,"2":4},"b":{"0":[3,6],"1":[9,7],"2":[2,4],"3":[4,1],"4":[2,3],"5":[3,1],"6":[1,3]}}
,"C:\\Projects\\jwt-api-express\\src\\modules\\auth\\auth.repository.ts": {"path":"C:\\Projects\\jwt-api-express\\src\\modules\\auth\\auth.repository.ts","statementMap":{"0":{"start":{"line":1,"column":0},"end":{"line":1,"column":68}},"1":{"start":{"line":2,"column":0},"end":{"line":2,"column":null}},"2":{"start":{"line":18,"column":4},"end":{"line":18,"column":45}},"3":{"start":{"line":28,"column":4},"end":{"line":34,"column":7}},"4":{"start":{"line":40,"column":22},"end":{"line":40,"column":38}},"5":{"start":{"line":41,"column":4},"end":{"line":41,"column":51}},"6":{"start":{"line":48,"column":4},"end":{"line":48,"column":57}},"7":{"start":{"line":52,"column":4},"end":{"line":52,"column":45}},"8":{"start":{"line":13,"column":0},"end":{"line":13,"column":13}}},"fnMap":{"0":{"name":"(anonymous_0)","decl":{"start":{"line":14,"column":2},"end":{"line":14,"column":7}},"loc":{"start":{"line":16,"column":20},"end":{"line":19,"column":3}}},"1":{"name":"(anonymous_1)","decl":{"start":{"line":21,"column":2},"end":{"line":21,"column":7}},"loc":{"start":{"line":26,"column":22},"end":{"line":35,"column":3}}},"2":{"name":"(anonymous_2)","decl":{"start":{"line":37,"column":2},"end":{"line":37,"column":7}},"loc":{"start":{"line":38,"column":17},"end":{"line":42,"column":3}}},"3":{"name":"(anonymous_3)","decl":{"start":{"line":44,"column":2},"end":{"line":44,"column":7}},"loc":{"start":{"line":46,"column":30},"end":{"line":49,"column":3}}},"4":{"name":"(anonymous_4)","decl":{"start":{"line":51,"column":2},"end":{"line":51,"column":7}},"loc":{"start":{"line":51,"column":42},"end":{"line":53,"column":3}}}},"branchMap":{},"s":{"0":7,"1":7,"2":2,"3":1,"4":2,"5":2,"6":2,"7":1,"8":7},"f":{"0":2,"1":1,"2":2,"3":2,"4":1},"b":{}}
,"C:\\Projects\\jwt-api-express\\src\\modules\\auth\\auth.routes.ts": {"path":"C:\\Projects\\jwt-api-express\\src\\modules\\auth\\auth.routes.ts","statementMap":{"0":{"start":{"line":1,"column":0},"end":{"line":1,"column":33}},"1":{"start":{"line":2,"column":0},"end":{"line":2,"column":59}},"2":{"start":{"line":4,"column":15},"end":{"line":4,"column":23}},"3":{"start":{"line":59,"column":0},"end":{"line":59,"column":29}},"4":{"start":{"line":96,"column":0},"end":{"line":96,"column":33}},"5":{"start":{"line":120,"column":0},"end":{"line":120,"column":31}},"6":{"start":{"line":122,"column":0},"end":{"line":122,"column":22}}},"fnMap":{},"branchMap":{},"s":{"0":5,"1":5,"2":5,"3":5,"4":5,"5":5,"6":5},"f":{},"b":{}}
,"C:\\Projects\\jwt-api-express\\src\\modules\\auth\\auth.service.ts": {"path":"C:\\Projects\\jwt-api-express\\src\\modules\\auth\\auth.service.ts","statementMap":{"0":{"start":{"line":1,"column":0},"end":{"line":1,"column":51}},"1":{"start":{"line":2,"column":0},"end":{"line":2,"column":48}},"2":{"start":{"line":3,"column":0},"end":{"line":3,"column":78}},"3":{"start":{"line":4,"column":0},"end":{"line":4,"column":65}},"4":{"start":{"line":5,"column":0},"end":{"line":5,"column":60}},"5":{"start":{"line":6,"column":0},"end":{"line":6,"column":66}},"6":{"start":{"line":9,"column":0},"end":{"line":9,"column":49}},"7":{"start":{"line":10,"column":0},"end":{"line":10,"column":66}},"8":{"start":{"line":16,"column":4},"end":{"line":16,"column":57}},"9":{"start":{"line":30,"column":30},"end":{"line":30,"column":74}},"10":{"start":{"line":32,"column":25},"end":{"line":35,"column":6}},"11":{"start":{"line":37,"column":26},"end":{"line":37,"column":48}},"12":{"start":{"line":38,"column":22},"end":{"line":38,"column":53}},"13":{"start":{"line":40,"column":4},"end":{"line":46,"column":6}},"14":{"start":{"line":48,"column":4},"end":{"line":53,"column":6}},"15":{"start":{"line":66,"column":24},"end":{"line":67,"column":null}},"16":{"start":{"line":70,"column":4},"end":{"line":76,"column":5}},"17":{"start":{"line":71,"column":6},"end":{"line":75,"column":8}},"18":{"start":{"line":78,"column":4},"end":{"line":85,"column":5}},"19":{"start":{"line":79,"column":6},"end":{"line":79,"column":68}},"20":{"start":{"line":80,"column":6},"end":{"line":84,"column":8}},"21":{"start":{"line":87,"column":4},"end":{"line":93,"column":5}},"22":{"start":{"line":88,"column":6},"end":{"line":92,"column":8}},"23":{"start":{"line":95,"column":17},"end":{"line":95,"column":54}},"24":{"start":{"line":96,"column":4},"end":{"line":102,"column":5}},"25":{"start":{"line":97,"column":6},"end":{"line":101,"column":8}},"26":{"start":{"line":104,"column":20},"end":{"line":104,"column":49}},"27":{"start":{"line":105,"column":4},"end":{"line":111,"column":5}},"28":{"start":{"line":106,"column":6},"end":{"line":110,"column":8}},"29":{"start":{"line":113,"column":29},"end":{"line":116,"column":6}},"30":{"start":{"line":118,"column":30},"end":{"line":118,"column":52}},"31":{"start":{"line":119,"column":22},"end":{"line":119,"column":53}},"32":{"start":{"line":121,"column":27},"end":{"line":126,"column":null}},"33":{"start":{"line":129,"column":4},"end":{"line":129,"column":80}},"34":{"start":{"line":131,"column":4},"end":{"line":136,"column":6}},"35":{"start":{"line":140,"column":24},"end":{"line":141,"column":null}},"36":{"start":{"line":144,"column":4},"end":{"line":146,"column":5}},"37":{"start":{"line":145,"column":6},"end":{"line":145,"column":63}},"38":{"start":{"line":12,"column":0},"end":{"line":12,"column":13}}},"fnMap":{"0":{"name":"(anonymous_0)","decl":{"start":{"line":15,"column":2},"end":{"line":15,"column":14}},"loc":{"start":{"line":15,"column":41},"end":{"line":17,"column":3}}},"1":{"name":"(anonymous_1)","decl":{"start":{"line":19,"column":2},"end":{"line":19,"column":7}},"loc":{"start":{"line":23,"column":22},"end":{"line":54,"column":3}}},"2":{"name":"(anonymous_2)","decl":{"start":{"line":56,"column":2},"end":{"line":56,"column":7}},"loc":{"start":{"line":59,"column":22},"end":{"line":137,"column":3}}},"3":{"name":"(anonymous_3)","decl":{"start":{"line":139,"column":2},"end":{"line":139,"column":7}},"loc":{"start":{"line":139,"column":35},"end":{"line":147,"column":3}}}},"branchMap":{"0":{"loc":{"start":{"line":16,"column":22},"end":{"line":16,"column":56}},"type":"binary-expr","locations":[{"start":{"line":16,"column":22},"end":{"line":16,"column":32}},{"start":{"line":16,"column":36},"end":{"line":16,"column":56}}]},"1":{"loc":{"start":{"line":34,"column":12},"end":{"line":34,"column":31}},"type":"binary-expr","locations":[{"start":{"line":34,"column":12},"end":{"line":34,"column":21}},{"start":{"line":34,"column":25},"end":{"line":34,"column":31}}]},"2":{"loc":{"start":{"line":70,"column":4},"end":{"line":76,"column":5}},"type":"if","locations":[{"start":{"line":70,"column":4},"end":{"line":76,"column":5}},{"start":{},"end":{}}]},"3":{"loc":{"start":{"line":78,"column":4},"end":{"line":85,"column":5}},"type":"if","locations":[{"start":{"line":78,"column":4},"end":{"line":85,"column":5}},{"start":{},"end":{}}]},"4":{"loc":{"start":{"line":87,"column":4},"end":{"line":93,"column":5}},"type":"if","locations":[{"start":{"line":87,"column":4},"end":{"line":93,"column":5}},{"start":{},"end":{}}]},"5":{"loc":{"start":{"line":96,"column":4},"end":{"line":102,"column":5}},"type":"if","locations":[{"start":{"line":96,"column":4},"end":{"line":102,"column":5}},{"start":{},"end":{}}]},"6":{"loc":{"start":{"line":105,"column":4},"end":{"line":111,"column":5}},"type":"if","locations":[{"start":{"line":105,"column":4},"end":{"line":111,"column":5}},{"start":{},"end":{}}]},"7":{"loc":{"start":{"line":115,"column":12},"end":{"line":115,"column":31}},"type":"binary-expr","locations":[{"start":{"line":115,"column":12},"end":{"line":115,"column":21}},{"start":{"line":115,"column":25},"end":{"line":115,"column":31}}]},"8":{"loc":{"start":{"line":144,"column":4},"end":{"line":146,"column":5}},"type":"if","locations":[{"start":{"line":144,"column":4},"end":{"line":146,"column":5}},{"start":{},"end":{}}]},"9":{"loc":{"start":{"line":144,"column":8},"end":{"line":144,"column":45}},"type":"binary-expr","locations":[{"start":{"line":144,"column":8},"end":{"line":144,"column":19}},{"start":{"line":144,"column":23},"end":{"line":144,"column":45}}]}},"s":{"0":6,"1":6,"2":6,"3":6,"4":6,"5":6,"6":6,"7":6,"8":14,"9":2,"10":0,"11":0,"12":0,"13":0,"14":0,"15":6,"16":6,"17":1,"18":5,"19":1,"20":1,"21":4,"22":1,"23":3,"24":3,"25":1,"26":2,"27":2,"28":1,"29":1,"30":1,"31":1,"32":1,"33":1,"34":1,"35":2,"36":2,"37":1,"38":6},"f":{"0":14,"1":2,"2":6,"3":2},"b":{"0":[14,5],"1":[0,0],"2":[1,5],"3":[1,4],"4":[1,3],"5":[1,2],"6":[1,1],"7":[1,0],"8":[1,1],"9":[2,1]}}
,"C:\\Projects\\jwt-api-express\\src\\modules\\user\\user.controller.ts": {"path":"C:\\Projects\\jwt-api-express\\src\\modules\\user\\user.controller.ts","statementMap":{"0":{"start":{"line":2,"column":0},"end":{"line":2,"column":45}},"1":{"start":{"line":3,"column":0},"end":{"line":3,"column":56}},"2":{"start":{"line":4,"column":0},"end":{"line":4,"column":49}},"3":{"start":{"line":5,"column":0},"end":{"line":5,"column":66}},"4":{"start":{"line":7,"column":20},"end":{"line":7,"column":37}},"5":{"start":{"line":9,"column":13},"end":{"line":17,"column":2}},"6":{"start":{"line":11,"column":18},"end":{"line":11,"column":49}},"7":{"start":{"line":12,"column":4},"end":{"line":15,"column":7}},"8":{"start":{"line":19,"column":13},"end":{"line":46,"column":2}},"9":{"start":{"line":21,"column":19},"end":{"line":21,"column":29}},"10":{"start":{"line":23,"column":4},"end":{"line":29,"column":5}},"11":{"start":{"line":24,"column":6},"end":{"line":28,"column":8}},"12":{"start":{"line":31,"column":17},"end":{"line":31,"column":50}},"13":{"start":{"line":33,"column":4},"end":{"line":39,"column":5}},"14":{"start":{"line":34,"column":6},"end":{"line":38,"column":8}},"15":{"start":{"line":41,"column":4},"end":{"line":44,"column":7}},"16":{"start":{"line":48,"column":13},"end":{"line":75,"column":2}},"17":{"start":{"line":50,"column":22},"end":{"line":50,"column":32}},"18":{"start":{"line":52,"column":4},"end":{"line":58,"column":5}},"19":{"start":{"line":53,"column":6},"end":{"line":57,"column":8}},"20":{"start":{"line":60,"column":17},"end":{"line":60,"column":56}},"21":{"start":{"line":62,"column":4},"end":{"line":68,"column":5}},"22":{"start":{"line":63,"column":6},"end":{"line":67,"column":8}},"23":{"start":{"line":70,"column":4},"end":{"line":73,"column":7}},"24":{"start":{"line":77,"column":13},"end":{"line":85,"column":2}},"25":{"start":{"line":79,"column":18},"end":{"line":79,"column":46}},"26":{"start":{"line":80,"column":4},"end":{"line":83,"column":7}},"27":{"start":{"line":87,"column":13},"end":{"line":152,"column":2}},"28":{"start":{"line":89,"column":24},"end":{"line":89,"column":null}},"29":{"start":{"line":95,"column":4},"end":{"line":101,"column":5}},"30":{"start":{"line":96,"column":6},"end":{"line":100,"column":8}},"31":{"start":{"line":104,"column":6},"end":{"line":104,"column":71}},"32":{"start":{"line":105,"column":4},"end":{"line":111,"column":5}},"33":{"start":{"line":106,"column":6},"end":{"line":110,"column":8}},"34":{"start":{"line":113,"column":4},"end":{"line":150,"column":5}},"35":{"start":{"line":114,"column":19},"end":{"line":114,"column":60}},"36":{"start":{"line":115,"column":6},"end":{"line":118,"column":9}},"37":{"start":{"line":120,"column":6},"end":{"line":144,"column":7}},"38":{"start":{"line":121,"column":8},"end":{"line":131,"column":9}},"39":{"start":{"line":126,"column":10},"end":{"line":130,"column":12}},"40":{"start":{"line":133,"column":8},"end":{"line":143,"column":9}},"41":{"start":{"line":138,"column":10},"end":{"line":142,"column":12}},"42":{"start":{"line":145,"column":6},"end":{"line":149,"column":8}},"43":{"start":{"line":154,"column":13},"end":{"line":242,"column":2}},"44":{"start":{"line":156,"column":66},"end":{"line":156,"column":null}},"45":{"start":{"line":165,"column":4},"end":{"line":171,"column":5}},"46":{"start":{"line":166,"column":6},"end":{"line":170,"column":8}},"47":{"start":{"line":173,"column":23},"end":{"line":173,"column":51}},"48":{"start":{"line":174,"column":4},"end":{"line":180,"column":5}},"49":{"start":{"line":175,"column":6},"end":{"line":179,"column":8}},"50":{"start":{"line":182,"column":4},"end":{"line":188,"column":5}},"51":{"start":{"line":183,"column":6},"end":{"line":187,"column":8}},"52":{"start":{"line":197,"column":8},"end":{"line":200,"column":6}},"53":{"start":{"line":202,"column":4},"end":{"line":202,"column":64}},"54":{"start":{"line":202,"column":33},"end":{"line":202,"column":64}},"55":{"start":{"line":203,"column":4},"end":{"line":203,"column":49}},"56":{"start":{"line":203,"column":28},"end":{"line":203,"column":49}},"57":{"start":{"line":204,"column":4},"end":{"line":204,"column":46}},"58":{"start":{"line":204,"column":27},"end":{"line":204,"column":46}},"59":{"start":{"line":205,"column":4},"end":{"line":205,"column":67}},"60":{"start":{"line":205,"column":34},"end":{"line":205,"column":67}},"61":{"start":{"line":207,"column":4},"end":{"line":240,"column":5}},"62":{"start":{"line":208,"column":21},"end":{"line":208,"column":70}},"63":{"start":{"line":210,"column":6},"end":{"line":221,"column":9}},"64":{"start":{"line":223,"column":6},"end":{"line":234,"column":7}},"65":{"start":{"line":229,"column":8},"end":{"line":233,"column":10}},"66":{"start":{"line":235,"column":6},"end":{"line":239,"column":8}},"67":{"start":{"line":244,"column":13},"end":{"line":352,"column":2}},"68":{"start":{"line":246,"column":19},"end":{"line":246,"column":47}},"69":{"start":{"line":247,"column":66},"end":{"line":247,"column":null}},"70":{"start":{"line":256,"column":4},"end":{"line":262,"column":5}},"71":{"start":{"line":257,"column":6},"end":{"line":261,"column":8}},"72":{"start":{"line":265,"column":6},"end":{"line":265,"column":71}},"73":{"start":{"line":266,"column":4},"end":{"line":272,"column":5}},"74":{"start":{"line":267,"column":6},"end":{"line":271,"column":8}},"75":{"start":{"line":274,"column":4},"end":{"line":283,"column":5}},"76":{"start":{"line":275,"column":25},"end":{"line":275,"column":53}},"77":{"start":{"line":276,"column":6},"end":{"line":282,"column":7}},"78":{"start":{"line":277,"column":8},"end":{"line":281,"column":10}},"79":{"start":{"line":285,"column":4},"end":{"line":291,"column":5}},"80":{"start":{"line":286,"column":6},"end":{"line":290,"column":8}},"81":{"start":{"line":300,"column":8},"end":{"line":300,"column":10}},"82":{"start":{"line":302,"column":4},"end":{"line":302,"column":54}},"83":{"start":{"line":302,"column":29},"end":{"line":302,"column":54}},"84":{"start":{"line":303,"column":4},"end":{"line":303,"column":63}},"85":{"start":{"line":303,"column":32},"end":{"line":303,"column":63}},"86":{"start":{"line":304,"column":4},"end":{"line":304,"column":66}},"87":{"start":{"line":304,"column":33},"end":{"line":304,"column":66}},"88":{"start":{"line":305,"column":4},"end":{"line":305,"column":51}},"89":{"start":{"line":305,"column":28},"end":{"line":305,"column":51}},"90":{"start":{"line":306,"column":4},"end":{"line":306,"column":48}},"91":{"start":{"line":306,"column":27},"end":{"line":306,"column":48}},"92":{"start":{"line":307,"column":4},"end":{"line":307,"column":69}},"93":{"start":{"line":307,"column":34},"end":{"line":307,"column":69}},"94":{"start":{"line":309,"column":4},"end":{"line":350,"column":5}},"95":{"start":{"line":310,"column":21},"end":{"line":310,"column":76}},"96":{"start":{"line":312,"column":6},"end":{"line":323,"column":9}},"97":{"start":{"line":325,"column":6},"end":{"line":344,"column":7}},"98":{"start":{"line":326,"column":8},"end":{"line":332,"column":9}},"99":{"start":{"line":327,"column":10},"end":{"line":331,"column":12}},"100":{"start":{"line":334,"column":8},"end":{"line":343,"column":9}},"101":{"start":{"line":338,"column":10},"end":{"line":342,"column":12}},"102":{"start":{"line":345,"column":6},"end":{"line":349,"column":8}},"103":{"start":{"line":354,"column":13},"end":{"line":378,"column":2}},"104":{"start":{"line":356,"column":19},"end":{"line":356,"column":29}},"105":{"start":{"line":358,"column":4},"end":{"line":364,"column":5}},"106":{"start":{"line":359,"column":6},"end":{"line":363,"column":8}},"107":{"start":{"line":366,"column":20},"end":{"line":366,"column":52}},"108":{"start":{"line":368,"column":4},"end":{"line":374,"column":5}},"109":{"start":{"line":369,"column":6},"end":{"line":373,"column":8}},"110":{"start":{"line":376,"column":4},"end":{"line":376,"column":27}}},"fnMap":{"0":{"name":"(anonymous_0)","decl":{"start":{"line":10,"column":2},"end":{"line":10,"column":7}},"loc":{"start":{"line":10,"column":56},"end":{"line":16,"column":3}}},"1":{"name":"(anonymous_1)","decl":{"start":{"line":20,"column":2},"end":{"line":20,"column":7}},"loc":{"start":{"line":20,"column":55},"end":{"line":45,"column":3}}},"2":{"name":"(anonymous_2)","decl":{"start":{"line":49,"column":2},"end":{"line":49,"column":7}},"loc":{"start":{"line":49,"column":55},"end":{"line":74,"column":3}}},"3":{"name":"(anonymous_3)","decl":{"start":{"line":78,"column":2},"end":{"line":78,"column":7}},"loc":{"start":{"line":78,"column":56},"end":{"line":84,"column":3}}},"4":{"name":"(anonymous_4)","decl":{"start":{"line":88,"column":2},"end":{"line":88,"column":7}},"loc":{"start":{"line":88,"column":55},"end":{"line":151,"column":3}}},"5":{"name":"(anonymous_5)","decl":{"start":{"line":155,"column":2},"end":{"line":155,"column":7}},"loc":{"start":{"line":155,"column":55},"end":{"line":241,"column":3}}},"6":{"name":"(anonymous_6)","decl":{"start":{"line":245,"column":2},"end":{"line":245,"column":7}},"loc":{"start":{"line":245,"column":55},"end":{"line":351,"column":3}}},"7":{"name":"(anonymous_7)","decl":{"start":{"line":355,"column":2},"end":{"line":355,"column":7}},"loc":{"start":{"line":355,"column":55},"end":{"line":377,"column":3}}}},"branchMap":{"0":{"loc":{"start":{"line":23,"column":4},"end":{"line":29,"column":5}},"type":"if","locations":[{"start":{"line":23,"column":4},"end":{"line":29,"column":5}},{"start":{},"end":{}}]},"1":{"loc":{"start":{"line":33,"column":4},"end":{"line":39,"column":5}},"type":"if","locations":[{"start":{"line":33,"column":4},"end":{"line":39,"column":5}},{"start":{},"end":{}}]},"2":{"loc":{"start":{"line":52,"column":4},"end":{"line":58,"column":5}},"type":"if","locations":[{"start":{"line":52,"column":4},"end":{"line":58,"column":5}},{"start":{},"end":{}}]},"3":{"loc":{"start":{"line":62,"column":4},"end":{"line":68,"column":5}},"type":"if","locations":[{"start":{"line":62,"column":4},"end":{"line":68,"column":5}},{"start":{},"end":{}}]},"4":{"loc":{"start":{"line":95,"column":4},"end":{"line":101,"column":5}},"type":"if","locations":[{"start":{"line":95,"column":4},"end":{"line":101,"column":5}},{"start":{},"end":{}}]},"5":{"loc":{"start":{"line":95,"column":8},"end":{"line":95,"column":45}},"type":"binary-expr","locations":[{"start":{"line":95,"column":8},"end":{"line":95,"column":23}},{"start":{"line":95,"column":27},"end":{"line":95,"column":45}}]},"6":{"loc":{"start":{"line":105,"column":4},"end":{"line":111,"column":5}},"type":"if","locations":[{"start":{"line":105,"column":4},"end":{"line":111,"column":5}},{"start":{},"end":{}}]},"7":{"loc":{"start":{"line":120,"column":6},"end":{"line":144,"column":7}},"type":"if","locations":[{"start":{"line":120,"column":6},"end":{"line":144,"column":7}},{"start":{},"end":{}}]},"8":{"loc":{"start":{"line":121,"column":8},"end":{"line":131,"column":9}},"type":"if","locations":[{"start":{"line":121,"column":8},"end":{"line":131,"column":9}},{"start":{},"end":{}}]},"9":{"loc":{"start":{"line":122,"column":10},"end":{"line":124,"column":70}},"type":"binary-expr","locations":[{"start":{"line":122,"column":10},"end":{"line":122,"column":47}},{"start":{"line":123,"column":10},"end":{"line":123,"column":56}},{"start":{"line":124,"column":10},"end":{"line":124,"column":70}}]},"10":{"loc":{"start":{"line":133,"column":8},"end":{"line":143,"column":9}},"type":"if","locations":[{"start":{"line":133,"column":8},"end":{"line":143,"column":9}},{"start":{},"end":{}}]},"11":{"loc":{"start":{"line":134,"column":10},"end":{"line":136,"column":45}},"type":"binary-expr","locations":[{"start":{"line":134,"column":10},"end":{"line":134,"column":49}},{"start":{"line":135,"column":10},"end":{"line":135,"column":53}},{"start":{"line":136,"column":10},"end":{"line":136,"column":45}}]},"12":{"loc":{"start":{"line":165,"column":4},"end":{"line":171,"column":5}},"type":"if","locations":[{"start":{"line":165,"column":4},"end":{"line":171,"column":5}},{"start":{},"end":{}}]},"13":{"loc":{"start":{"line":165,"column":8},"end":{"line":165,"column":27}},"type":"binary-expr","locations":[{"start":{"line":165,"column":8},"end":{"line":165,"column":14}},{"start":{"line":165,"column":18},"end":{"line":165,"column":27}}]},"14":{"loc":{"start":{"line":174,"column":4},"end":{"line":180,"column":5}},"type":"if","locations":[{"start":{"line":174,"column":4},"end":{"line":180,"column":5}},{"start":{},"end":{}}]},"15":{"loc":{"start":{"line":182,"column":4},"end":{"line":188,"column":5}},"type":"if","locations":[{"start":{"line":182,"column":4},"end":{"line":188,"column":5}},{"start":{},"end":{}}]},"16":{"loc":{"start":{"line":202,"column":4},"end":{"line":202,"column":64}},"type":"if","locations":[{"start":{"line":202,"column":4},"end":{"line":202,"column":64}},{"start":{},"end":{}}]},"17":{"loc":{"start":{"line":203,"column":4},"end":{"line":203,"column":49}},"type":"if","locations":[{"start":{"line":203,"column":4},"end":{"line":203,"column":49}},{"start":{},"end":{}}]},"18":{"loc":{"start":{"line":204,"column":4},"end":{"line":204,"column":46}},"type":"if","locations":[{"start":{"line":204,"column":4},"end":{"line":204,"column":46}},{"start":{},"end":{}}]},"19":{"loc":{"start":{"line":205,"column":4},"end":{"line":205,"column":67}},"type":"if","locations":[{"start":{"line":205,"column":4},"end":{"line":205,"column":67}},{"start":{},"end":{}}]},"20":{"loc":{"start":{"line":223,"column":6},"end":{"line":234,"column":7}},"type":"if","locations":[{"start":{"line":223,"column":6},"end":{"line":234,"column":7}},{"start":{},"end":{}}]},"21":{"loc":{"start":{"line":224,"column":8},"end":{"line":227,"column":46}},"type":"binary-expr","locations":[{"start":{"line":224,"column":8},"end":{"line":224,"column":30}},{"start":{"line":225,"column":9},"end":{"line":225,"column":48}},{"start":{"line":226,"column":10},"end":{"line":226,"column":53}},{"start":{"line":227,"column":10},"end":{"line":227,"column":45}}]},"22":{"loc":{"start":{"line":256,"column":4},"end":{"line":262,"column":5}},"type":"if","locations":[{"start":{"line":256,"column":4},"end":{"line":262,"column":5}},{"start":{},"end":{}}]},"23":{"loc":{"start":{"line":266,"column":4},"end":{"line":272,"column":5}},"type":"if","locations":[{"start":{"line":266,"column":4},"end":{"line":272,"column":5}},{"start":{},"end":{}}]},"24":{"loc":{"start":{"line":274,"column":4},"end":{"line":283,"column":5}},"type":"if","locations":[{"start":{"line":274,"column":4},"end":{"line":283,"column":5}},{"start":{},"end":{}}]},"25":{"loc":{"start":{"line":276,"column":6},"end":{"line":282,"column":7}},"type":"if","locations":[{"start":{"line":276,"column":6},"end":{"line":282,"column":7}},{"start":{},"end":{}}]},"26":{"loc":{"start":{"line":285,"column":4},"end":{"line":291,"column":5}},"type":"if","locations":[{"start":{"line":285,"column":4},"end":{"line":291,"column":5}},{"start":{},"end":{}}]},"27":{"loc":{"start":{"line":285,"column":8},"end":{"line":285,"column":53}},"type":"binary-expr","locations":[{"start":{"line":285,"column":8},"end":{"line":285,"column":30}},{"start":{"line":285,"column":34},"end":{"line":285,"column":53}}]},"28":{"loc":{"start":{"line":302,"column":4},"end":{"line":302,"column":54}},"type":"if","locations":[{"start":{"line":302,"column":4},"end":{"line":302,"column":54}},{"start":{},"end":{}}]},"29":{"loc":{"start":{"line":303,"column":4},"end":{"line":303,"column":63}},"type":"if","locations":[{"start":{"line":303,"column":4},"end":{"line":303,"column":63}},{"start":{},"end":{}}]},"30":{"loc":{"start":{"line":304,"column":4},"end":{"line":304,"column":66}},"type":"if","locations":[{"start":{"line":304,"column":4},"end":{"line":304,"column":66}},{"start":{},"end":{}}]},"31":{"loc":{"start":{"line":305,"column":4},"end":{"line":305,"column":51}},"type":"if","locations":[{"start":{"line":305,"column":4},"end":{"line":305,"column":51}},{"start":{},"end":{}}]},"32":{"loc":{"start":{"line":306,"column":4},"end":{"line":306,"column":48}},"type":"if","locations":[{"start":{"line":306,"column":4},"end":{"line":306,"column":48}},{"start":{},"end":{}}]},"33":{"loc":{"start":{"line":307,"column":4},"end":{"line":307,"column":69}},"type":"if","locations":[{"start":{"line":307,"column":4},"end":{"line":307,"column":69}},{"start":{},"end":{}}]},"34":{"loc":{"start":{"line":325,"column":6},"end":{"line":344,"column":7}},"type":"if","locations":[{"start":{"line":325,"column":6},"end":{"line":344,"column":7}},{"start":{},"end":{}}]},"35":{"loc":{"start":{"line":326,"column":8},"end":{"line":332,"column":9}},"type":"if","locations":[{"start":{"line":326,"column":8},"end":{"line":332,"column":9}},{"start":{},"end":{}}]},"36":{"loc":{"start":{"line":334,"column":8},"end":{"line":343,"column":9}},"type":"if","locations":[{"start":{"line":334,"column":8},"end":{"line":343,"column":9}},{"start":{},"end":{}}]},"37":{"loc":{"start":{"line":335,"column":10},"end":{"line":336,"column":53}},"type":"binary-expr","locations":[{"start":{"line":335,"column":10},"end":{"line":335,"column":49}},{"start":{"line":336,"column":10},"end":{"line":336,"column":53}}]},"38":{"loc":{"start":{"line":358,"column":4},"end":{"line":364,"column":5}},"type":"if","locations":[{"start":{"line":358,"column":4},"end":{"line":364,"column":5}},{"start":{},"end":{}}]},"39":{"loc":{"start":{"line":368,"column":4},"end":{"line":374,"column":5}},"type":"if","locations":[{"start":{"line":368,"column":4},"end":{"line":374,"column":5}},{"start":{},"end":{}}]}},"s":{"0":6,"1":6,"2":6,"3":6,"4":6,"5":6,"6":1,"7":1,"8":6,"9":5,"10":5,"11":2,"12":3,"13":3,"14":2,"15":1,"16":6,"17":5,"18":5,"19":2,"20":3,"21":3,"22":2,"23":1,"24":6,"25":1,"26":1,"27":6,"28":8,"29":8,"30":2,"31":6,"32":6,"33":2,"34":4,"35":4,"36":1,"37":3,"38":3,"39":1,"40":2,"41":1,"42":1,"43":6,"44":8,"45":8,"46":2,"47":6,"48":6,"49":2,"50":4,"51":2,"52":2,"53":2,"54":1,"55":2,"56":0,"57":2,"58":0,"59":2,"60":0,"61":2,"62":2,"63":1,"64":1,"65":1,"66":0,"67":6,"68":7,"69":7,"70":7,"71":1,"72":6,"73":6,"74":1,"75":5,"76":4,"77":4,"78":1,"79":4,"80":1,"81":3,"82":3,"83":3,"84":3,"85":0,"86":3,"87":1,"88":3,"89":0,"90":3,"91":0,"92":3,"93":0,"94":3,"95":3,"96":1,"97":2,"98":2,"99":1,"100":1,"101":1,"102":0,"103":6,"104":3,"105":3,"106":1,"107":2,"108":2,"109":1,"110":1},"f":{"0":1,"1":5,"2":5,"3":1,"4":8,"5":8,"6":7,"7":3},"b":{"0":[2,3],"1":[2,1],"2":[2,3],"3":[2,1],"4":[2,6],"5":[8,6],"6":[2,4],"7":[3,0],"8":[1,2],"9":[3,2,2],"10":[1,1],"11":[2,1,1],"12":[2,6],"13":[8,6],"14":[2,4],"15":[2,2],"16":[1,1],"17":[0,2],"18":[0,2],"19":[0,2],"20":[1,0],"21":[1,1,0,0],"22":[1,6],"23":[1,5],"24":[4,1],"25":[1,3],"26":[1,3],"27":[4,1],"28":[3,0],"29":[0,3],"30":[1,2],"31":[0,3],"32":[0,3],"33":[0,3],"34":[2,0],"35":[1,1],"36":[1,0],"37":[1,0],"38":[1,2],"39":[1,1]}}
,"C:\\Projects\\jwt-api-express\\src\\modules\\user\\user.repository.ts": {"path":"C:\\Projects\\jwt-api-express\\src\\modules\\user\\user.repository.ts","statementMap":{"0":{"start":{"line":1,"column":0},"end":{"line":1,"column":null}},"1":{"start":{"line":10,"column":0},"end":{"line":10,"column":71}},"2":{"start":{"line":16,"column":4},"end":{"line":16,"column":34}},"3":{"start":{"line":20,"column":4},"end":{"line":20,"column":36}},"4":{"start":{"line":24,"column":4},"end":{"line":24,"column":42}},"5":{"start":{"line":28,"column":4},"end":{"line":28,"column":44}},"6":{"start":{"line":35,"column":4},"end":{"line":35,"column":48}},"7":{"start":{"line":39,"column":4},"end":{"line":39,"column":35}},"8":{"start":{"line":43,"column":4},"end":{"line":43,"column":35}},"9":{"start":{"line":54,"column":4},"end":{"line":54,"column":38}},"10":{"start":{"line":68,"column":4},"end":{"line":68,"column":42}},"11":{"start":{"line":14,"column":0},"end":{"line":14,"column":13}}},"fnMap":{"0":{"name":"(anonymous_0)","decl":{"start":{"line":15,"column":2},"end":{"line":15,"column":7}},"loc":{"start":{"line":15,"column":15},"end":{"line":17,"column":3}}},"1":{"name":"(anonymous_1)","decl":{"start":{"line":19,"column":2},"end":{"line":19,"column":7}},"loc":{"start":{"line":19,"column":27},"end":{"line":21,"column":3}}},"2":{"name":"(anonymous_2)","decl":{"start":{"line":23,"column":2},"end":{"line":23,"column":7}},"loc":{"start":{"line":23,"column":33},"end":{"line":25,"column":3}}},"3":{"name":"(anonymous_3)","decl":{"start":{"line":27,"column":2},"end":{"line":27,"column":7}},"loc":{"start":{"line":27,"column":38},"end":{"line":29,"column":3}}},"4":{"name":"(anonymous_4)","decl":{"start":{"line":31,"column":2},"end":{"line":31,"column":7}},"loc":{"start":{"line":33,"column":36},"end":{"line":36,"column":3}}},"5":{"name":"(anonymous_5)","decl":{"start":{"line":38,"column":2},"end":{"line":38,"column":7}},"loc":{"start":{"line":38,"column":25},"end":{"line":40,"column":3}}},"6":{"name":"(anonymous_6)","decl":{"start":{"line":42,"column":2},"end":{"line":42,"column":7}},"loc":{"start":{"line":42,"column":16},"end":{"line":44,"column":3}}},"7":{"name":"(anonymous_7)","decl":{"start":{"line":46,"column":2},"end":{"line":46,"column":7}},"loc":{"start":{"line":53,"column":3},"end":{"line":55,"column":3}}},"8":{"name":"(anonymous_8)","decl":{"start":{"line":57,"column":2},"end":{"line":57,"column":7}},"loc":{"start":{"line":66,"column":5},"end":{"line":69,"column":3}}}},"branchMap":{},"s":{"0":7,"1":7,"2":1,"3":2,"4":2,"5":1,"6":2,"7":2,"8":1,"9":1,"10":1,"11":7},"f":{"0":1,"1":2,"2":2,"3":1,"4":2,"5":2,"6":1,"7":1,"8":1},"b":{}}
,"C:\\Projects\\jwt-api-express\\src\\modules\\user\\user.routes.ts": {"path":"C:\\Projects\\jwt-api-express\\src\\modules\\user\\user.routes.ts","statementMap":{"0":{"start":{"line":1,"column":0},"end":{"line":1,"column":33}},"1":{"start":{"line":2,"column":0},"end":{"line":2,"column":null}},"2":{"start":{"line":12,"column":0},"end":{"line":12,"column":66}},"3":{"start":{"line":14,"column":15},"end":{"line":14,"column":23}},"4":{"start":{"line":42,"column":0},"end":{"line":42,"column":45}},"5":{"start":{"line":68,"column":0},"end":{"line":68,"column":47}},"6":{"start":{"line":106,"column":0},"end":{"line":106,"column":51}},"7":{"start":{"line":144,"column":0},"end":{"line":144,"column":60}},"8":{"start":{"line":190,"column":0},"end":{"line":190,"column":45}},"9":{"start":{"line":244,"column":0},"end":{"line":244,"column":48}},"10":{"start":{"line":305,"column":0},"end":{"line":305,"column":47}},"11":{"start":{"line":366,"column":0},"end":{"line":366,"column":49}},"12":{"start":{"line":395,"column":0},"end":{"line":395,"column":50}},"13":{"start":{"line":397,"column":0},"end":{"line":397,"column":22}}},"fnMap":{},"branchMap":{},"s":{"0":5,"1":5,"2":5,"3":5,"4":5,"5":5,"6":5,"7":5,"8":5,"9":5,"10":5,"11":5,"12":5,"13":5},"f":{},"b":{}}
,"C:\\Projects\\jwt-api-express\\src\\modules\\user\\user.service.ts": {"path":"C:\\Projects\\jwt-api-express\\src\\modules\\user\\user.service.ts","statementMap":{"0":{"start":{"line":1,"column":0},"end":{"line":1,"column":51}},"1":{"start":{"line":9,"column":4},"end":{"line":9,"column":57}},"2":{"start":{"line":13,"column":4},"end":{"line":13,"column":43}},"3":{"start":{"line":17,"column":4},"end":{"line":17,"column":46}},"4":{"start":{"line":21,"column":4},"end":{"line":21,"column":52}},"5":{"start":{"line":25,"column":4},"end":{"line":25,"column":53}},"6":{"start":{"line":32,"column":4},"end":{"line":32,"column":57}},"7":{"start":{"line":36,"column":4},"end":{"line":36,"column":44}},"8":{"start":{"line":40,"column":4},"end":{"line":40,"column":44}},"9":{"start":{"line":51,"column":4},"end":{"line":51,"column":65}},"10":{"start":{"line":65,"column":4},"end":{"line":65,"column":69}},"11":{"start":{"line":5,"column":0},"end":{"line":5,"column":13}}},"fnMap":{"0":{"name":"(anonymous_0)","decl":{"start":{"line":8,"column":2},"end":{"line":8,"column":14}},"loc":{"start":{"line":8,"column":41},"end":{"line":10,"column":3}}},"1":{"name":"(anonymous_1)","decl":{"start":{"line":12,"column":2},"end":{"line":12,"column":7}},"loc":{"start":{"line":12,"column":19},"end":{"line":14,"column":3}}},"2":{"name":"(anonymous_2)","decl":{"start":{"line":16,"column":2},"end":{"line":16,"column":7}},"loc":{"start":{"line":16,"column":30},"end":{"line":18,"column":3}}},"3":{"name":"(anonymous_3)","decl":{"start":{"line":20,"column":2},"end":{"line":20,"column":7}},"loc":{"start":{"line":20,"column":36},"end":{"line":22,"column":3}}},"4":{"name":"(anonymous_4)","decl":{"start":{"line":24,"column":2},"end":{"line":24,"column":7}},"loc":{"start":{"line":24,"column":42},"end":{"line":26,"column":3}}},"5":{"name":"(anonymous_5)","decl":{"start":{"line":28,"column":2},"end":{"line":28,"column":7}},"loc":{"start":{"line":30,"column":36},"end":{"line":33,"column":3}}},"6":{"name":"(anonymous_6)","decl":{"start":{"line":35,"column":2},"end":{"line":35,"column":7}},"loc":{"start":{"line":35,"column":29},"end":{"line":37,"column":3}}},"7":{"name":"(anonymous_7)","decl":{"start":{"line":39,"column":2},"end":{"line":39,"column":7}},"loc":{"start":{"line":39,"column":16},"end":{"line":41,"column":3}}},"8":{"name":"(anonymous_8)","decl":{"start":{"line":43,"column":2},"end":{"line":43,"column":7}},"loc":{"start":{"line":50,"column":3},"end":{"line":52,"column":3}}},"9":{"name":"(anonymous_9)","decl":{"start":{"line":54,"column":2},"end":{"line":54,"column":7}},"loc":{"start":{"line":63,"column":5},"end":{"line":66,"column":3}}}},"branchMap":{"0":{"loc":{"start":{"line":9,"column":22},"end":{"line":9,"column":56}},"type":"binary-expr","locations":[{"start":{"line":9,"column":22},"end":{"line":9,"column":32}},{"start":{"line":9,"column":36},"end":{"line":9,"column":56}}]}},"s":{"0":6,"1":14,"2":1,"3":2,"4":1,"5":1,"6":1,"7":2,"8":1,"9":0,"10":0,"11":6},"f":{"0":14,"1":1,"2":2,"3":1,"4":1,"5":1,"6":2,"7":1,"8":0,"9":0},"b":{"0":[14,5]}}
,"C:\\Projects\\jwt-api-express\\src\\utils\\asyncHandler.ts": {"path":"C:\\Projects\\jwt-api-express\\src\\utils\\asyncHandler.ts","statementMap":{"0":{"start":{"line":16,"column":0},"end":{"line":16,"column":16}},"1":{"start":{"line":17,"column":2},"end":{"line":28,"column":4}},"2":{"start":{"line":22,"column":4},"end":{"line":27,"column":5}},"3":{"start":{"line":23,"column":6},"end":{"line":23,"column":31}},"4":{"start":{"line":25,"column":6},"end":{"line":25,"column":18}},"5":{"start":{"line":26,"column":6},"end":{"line":26,"column":18}}},"fnMap":{"0":{"name":"asyncHandler","decl":{"start":{"line":16,"column":16},"end":{"line":16,"column":28}},"loc":{"start":{"line":16,"column":46},"end":{"line":29,"column":1}}},"1":{"name":"(anonymous_1)","decl":{"start":{"line":17,"column":9},"end":{"line":17,"column":14}},"loc":{"start":{"line":21,"column":21},"end":{"line":28,"column":3}}}},"branchMap":{},"s":{"0":8,"1":69,"2":59,"3":59,"4":40,"5":40},"f":{"0":69,"1":59},"b":{}}
,"C:\\Projects\\jwt-api-express\\src\\utils\\auth.ts": {"path":"C:\\Projects\\jwt-api-express\\src\\utils\\auth.ts","statementMap":{"0":{"start":{"line":6,"column":0},"end":{"line":6,"column":16}},"1":{"start":{"line":10,"column":0},"end":{"line":10,"column":16}},"2":{"start":{"line":14,"column":0},"end":{"line":14,"column":16}},"3":{"start":{"line":20,"column":0},"end":{"line":20,"column":16}},"4":{"start":{"line":1,"column":0},"end":{"line":1,"column":null}},"5":{"start":{"line":7,"column":2},"end":{"line":7,"column":40}},"6":{"start":{"line":11,"column":2},"end":{"line":11,"column":46}},"7":{"start":{"line":15,"column":14},"end":{"line":15,"column":24}},"8":{"start":{"line":16,"column":2},"end":{"line":16,"column":70}},"9":{"start":{"line":17,"column":2},"end":{"line":17,"column":13}},"10":{"start":{"line":21,"column":2},"end":{"line":21,"column":54}}},"fnMap":{"0":{"name":"getTokenExpirationString","decl":{"start":{"line":6,"column":16},"end":{"line":6,"column":40}},"loc":{"start":{"line":6,"column":40},"end":{"line":8,"column":1}}},"1":{"name":"getCookieMaxAge","decl":{"start":{"line":10,"column":16},"end":{"line":10,"column":31}},"loc":{"start":{"line":10,"column":31},"end":{"line":12,"column":1}}},"2":{"name":"getRefreshTokenExpirationDate","decl":{"start":{"line":14,"column":16},"end":{"line":14,"column":45}},"loc":{"start":{"line":14,"column":45},"end":{"line":18,"column":1}}},"3":{"name":"getRefreshTokenCookieMaxAge","decl":{"start":{"line":20,"column":16},"end":{"line":20,"column":43}},"loc":{"start":{"line":20,"column":43},"end":{"line":22,"column":1}}}},"branchMap":{},"s":{"0":9,"1":9,"2":9,"3":9,"4":9,"5":5,"6":1,"7":1,"8":1,"9":1,"10":1},"f":{"0":5,"1":1,"2":1,"3":1},"b":{}}
,"C:\\Projects\\jwt-api-express\\src\\utils\\jwt.ts": {"path":"C:\\Projects\\jwt-api-express\\src\\utils\\jwt.ts","statementMap":{"0":{"start":{"line":19,"column":0},"end":{"line":19,"column":16}},"1":{"start":{"line":26,"column":0},"end":{"line":26,"column":16}},"2":{"start":{"line":1,"column":0},"end":{"line":1,"column":23}},"3":{"start":{"line":2,"column":0},"end":{"line":2,"column":53}},"4":{"start":{"line":4,"column":0},"end":{"line":4,"column":50}},"5":{"start":{"line":6,"column":19},"end":{"line":12,"column":4}},"6":{"start":{"line":7,"column":17},"end":{"line":7,"column":39}},"7":{"start":{"line":8,"column":2},"end":{"line":10,"column":3}},"8":{"start":{"line":9,"column":4},"end":{"line":9,"column":66}},"9":{"start":{"line":11,"column":2},"end":{"line":11,"column":16}},"10":{"start":{"line":20,"column":21},"end":{"line":20,"column":47}},"11":{"start":{"line":21,"column":2},"end":{"line":23,"column":20}},"12":{"start":{"line":27,"column":18},"end":{"line":27,"column":47}},"13":{"start":{"line":29,"column":2},"end":{"line":36,"column":3}},"14":{"start":{"line":35,"column":4},"end":{"line":35,"column":45}},"15":{"start":{"line":38,"column":2},"end":{"line":38,"column":49}}},"fnMap":{"0":{"name":"(anonymous_1)","decl":{"start":{"line":6,"column":20},"end":{"line":6,"column":31}},"loc":{"start":{"line":6,"column":33},"end":{"line":12,"column":1}}},"1":{"name":"generateToken","decl":{"start":{"line":19,"column":16},"end":{"line":19,"column":29}},"loc":{"start":{"line":19,"column":51},"end":{"line":24,"column":1}}},"2":{"name":"verifyToken","decl":{"start":{"line":26,"column":16},"end":{"line":26,"column":27}},"loc":{"start":{"line":26,"column":41},"end":{"line":39,"column":1}}}},"branchMap":{"0":{"loc":{"start":{"line":8,"column":2},"end":{"line":10,"column":3}},"type":"if","locations":[{"start":{"line":8,"column":2},"end":{"line":10,"column":3}},{"start":{},"end":{}}]},"1":{"loc":{"start":{"line":29,"column":2},"end":{"line":36,"column":3}},"type":"if","locations":[{"start":{"line":29,"column":2},"end":{"line":36,"column":3}},{"start":{},"end":{}}]},"2":{"loc":{"start":{"line":30,"column":4},"end":{"line":33,"column":24}},"type":"binary-expr","locations":[{"start":{"line":30,"column":4},"end":{"line":30,"column":12}},{"start":{"line":31,"column":4},"end":{"line":31,"column":31}},{"start":{"line":32,"column":4},"end":{"line":32,"column":23}},{"start":{"line":33,"column":4},"end":{"line":33,"column":24}}]}},"s":{"0":8,"1":8,"2":8,"3":8,"4":8,"5":8,"6":8,"7":8,"8":0,"9":8,"10":4,"11":4,"12":6,"13":3,"14":1,"15":2},"f":{"0":8,"1":4,"2":6},"b":{"0":[0,8],"1":[1,2],"2":[3,3,3,2]}}
}
