{"total": {"lines":{"total":23,"covered":23,"skipped":0,"pct":100},"statements":{"total":23,"covered":23,"skipped":0,"pct":100},"functions":{"total":7,"covered":7,"skipped":0,"pct":100},"branches":{"total":4,"covered":4,"skipped":0,"pct":100},"branchesTrue":{"total":0,"covered":0,"skipped":0,"pct":"Unknown"}}
,"C:\\Projects\\jwt-api-express\\src\\db\\queries\\refresh-token.queries.ts": {"lines":{"total":23,"covered":23,"skipped":0,"pct":100},"functions":{"total":7,"covered":7,"skipped":0,"pct":100},"statements":{"total":23,"covered":23,"skipped":0,"pct":100},"branches":{"total":4,"covered":4,"skipped":0,"pct":100}}
}
