TN:
SF:src\app.ts
FNF:0
FNH:0
DA:1,5
DA:2,5
DA:3,5
DA:4,5
DA:5,5
DA:6,5
DA:7,5
DA:8,5
DA:10,5
DA:12,5
DA:22,5
DA:23,5
DA:24,5
DA:25,5
DA:26,5
DA:27,5
DA:29,5
DA:31,5
LF:18
LH:18
BRDA:14,0,0,1
BRDA:14,0,1,4
BRF:2
BRH:2
end_of_record
TN:
SF:src\db.ts
FNF:0
FNH:0
DA:1,3
DA:2,3
DA:3,3
DA:4,3
DA:5,3
LF:5
LH:5
BRF:0
BRH:0
end_of_record
TN:
SF:src\config\constants.ts
FNF:0
FNH:0
DA:1,9
DA:2,9
LF:2
LH:2
BRF:0
BRH:0
end_of_record
TN:
SF:src\config\errors.ts
FNF:0
FNH:0
DA:1,14
DA:40,14
LF:2
LH:2
BRF:0
BRH:0
end_of_record
TN:
SF:src\config\swagger.ts
FNF:0
FNH:0
DA:1,5
DA:3,5
DA:35,5
LF:3
LH:3
BRF:0
BRH:0
end_of_record
TN:
SF:src\db\index.ts
FNF:0
FNH:0
DA:1,23
DA:2,23
DA:3,23
DA:4,23
DA:5,23
DA:6,23
DA:8,23
DA:15,23
DA:17,23
DA:18,1
DA:21,22
DA:23,22
DA:30,22
DA:31,22
LF:14
LH:14
BRDA:17,0,0,1
BRDA:17,0,1,22
BRF:2
BRH:2
end_of_record
TN:
SF:src\db\relations.ts
FN:16,(anonymous_0)
FN:18,(anonymous_1)
FN:22,(anonymous_2)
FNF:3
FNH:3
FNDA:18,(anonymous_0)
FNDA:18,(anonymous_1)
FNDA:18,(anonymous_2)
DA:11,18
DA:12,18
DA:13,18
DA:14,18
DA:16,18
DA:18,18
DA:22,18
LF:7
LH:7
BRF:0
BRH:0
end_of_record
TN:
SF:src\db\queries\auth.queries.ts
FN:9,login
FNF:1
FNH:1
FNDA:10,login
DA:3,8
DA:4,8
DA:5,8
DA:6,8
DA:7,8
DA:9,8
DA:13,10
DA:15,10
DA:16,3
DA:23,7
DA:24,2
DA:31,5
DA:36,5
DA:37,2
DA:44,3
DA:46,3
DA:47,2
DA:54,1
LF:18
LH:18
BRDA:15,0,0,3
BRDA:15,0,1,7
BRDA:23,1,0,2
BRDA:23,1,1,5
BRDA:36,2,0,2
BRDA:36,2,1,3
BRDA:46,3,0,2
BRDA:46,3,1,1
BRF:8
BRH:8
end_of_record
TN:
SF:src\db\queries\profile.queries.ts
FN:9,getAllProfiles
FN:13,getProfileById
FN:22,getProfileByEmail
FN:33,createProfile
FN:65,updateProfile
FN:77,deleteProfile
FN:85,getProfileStats
FNF:7
FNH:7
FNDA:1,getAllProfiles
FNDA:2,getProfileById
FNDA:2,getProfileByEmail
FNDA:5,createProfile
FNDA:2,updateProfile
FNDA:2,deleteProfile
FNDA:2,getProfileStats
DA:1,12
DA:2,12
DA:3,12
DA:9,12
DA:10,1
DA:13,12
DA:14,2
DA:19,2
DA:22,12
DA:25,2
DA:30,2
DA:33,12
DA:34,5
DA:35,5
DA:36,2
DA:37,1
DA:39,1
DA:41,4
DA:42,4
DA:43,4
DA:49,1
DA:53,3
DA:58,1
DA:61,2
DA:65,12
DA:69,2
DA:74,2
DA:77,12
DA:78,2
DA:82,2
DA:85,12
DA:86,2
DA:87,2
DA:92,2
LF:34
LH:34
BRDA:19,0,0,2
BRDA:19,0,1,1
BRDA:30,1,0,2
BRDA:30,1,1,1
BRDA:36,2,0,1
BRDA:36,2,1,1
BRDA:41,3,0,4
BRDA:41,3,1,0
BRDA:43,4,0,1
BRDA:43,4,1,3
BRDA:44,5,0,4
BRDA:44,5,1,3
BRDA:44,5,2,3
BRDA:44,5,3,3
BRDA:53,6,0,1
BRDA:53,6,1,2
BRDA:54,7,0,3
BRDA:54,7,1,2
BRDA:54,7,2,2
BRDA:74,8,0,2
BRDA:74,8,1,1
BRDA:93,9,0,2
BRDA:93,9,1,0
BRDA:94,10,0,2
BRDA:94,10,1,0
BRF:25
BRH:22
end_of_record
TN:
SF:src\db\queries\refresh-token.queries.ts
FN:10,createRefreshToken
FN:33,findRefreshTokenByHash
FN:50,revokeRefreshToken
FN:63,revokeAllUserRefreshTokens
FN:76,cleanupExpiredTokens
FN:80,hashToken
FN:84,generateRefreshToken
FNF:7
FNH:7
FNDA:3,createRefreshToken
FNDA:2,findRefreshTokenByHash
FNDA:2,revokeRefreshToken
FNDA:1,revokeAllUserRefreshTokens
FNDA:1,cleanupExpiredTokens
FNDA:4,hashToken
FNDA:1,generateRefreshToken
DA:1,8
DA:2,8
DA:3,8
DA:8,8
DA:10,8
DA:13,3
DA:15,3
DA:26,3
DA:27,1
DA:30,2
DA:33,8
DA:36,2
DA:47,2
DA:50,8
DA:54,2
DA:63,8
DA:66,1
DA:76,8
DA:77,1
DA:80,8
DA:81,4
DA:84,8
DA:85,1
LF:23
LH:23
BRDA:26,0,0,1
BRDA:26,0,1,2
BRDA:58,1,0,2
BRDA:58,1,1,1
BRF:4
BRH:4
end_of_record
TN:
SF:src\db\queries\user.queries.ts
FN:12,createUser
FN:47,(anonymous_2)
FN:81,getUserById
FN:86,getUserByEmail
FN:95,updateUser
FNF:5
FNH:5
FNDA:7,createUser
FNDA:6,(anonymous_2)
FNDA:13,getUserById
FNDA:3,getUserByEmail
FNDA:11,updateUser
DA:1,11
DA:2,11
DA:3,11
DA:4,11
DA:10,11
DA:12,11
DA:20,7
DA:22,7
DA:39,7
DA:41,7
DA:43,7
DA:44,1
DA:47,6
DA:49,6
DA:51,6
DA:52,3
DA:63,6
DA:64,6
DA:71,6
DA:72,1
DA:75,5
DA:81,11
DA:82,13
DA:83,13
DA:86,11
DA:87,3
DA:92,3
DA:95,11
DA:106,11
DA:108,11
DA:109,1
DA:112,10
DA:116,10
DA:117,3
DA:120,10
DA:121,1
DA:127,10
DA:128,1
DA:131,10
DA:132,3
DA:138,10
DA:144,10
DA:146,10
DA:147,1
DA:150,9
DA:152,9
DA:153,3
DA:161,3
DA:168,6
DA:170,6
DA:171,1
DA:174,6
DA:175,2
DA:178,6
DA:179,1
DA:182,6
DA:183,1
DA:186,6
DA:187,3
DA:188,3
DA:189,3
DA:194,8
DA:195,0
DA:198,8
LF:64
LH:63
BRDA:25,0,0,7
BRDA:25,0,1,7
BRDA:33,1,0,4
BRDA:33,1,1,3
BRDA:43,2,0,1
BRDA:43,2,1,6
BRDA:51,3,0,3
BRDA:51,3,1,3
BRDA:54,4,0,3
BRDA:54,4,1,0
BRDA:56,5,0,3
BRDA:56,5,1,2
BRDA:56,5,2,2
BRDA:56,5,3,0
BRDA:63,6,0,6
BRDA:63,6,1,0
BRDA:63,7,0,6
BRDA:63,7,1,2
BRDA:63,7,2,1
BRDA:65,8,0,6
BRDA:65,8,1,2
BRDA:65,8,2,2
BRDA:66,9,0,6
BRDA:66,9,1,3
BRDA:66,9,2,3
BRDA:67,10,0,6
BRDA:67,10,1,3
BRDA:67,10,2,3
BRDA:71,11,0,1
BRDA:71,11,1,5
BRDA:83,12,0,13
BRDA:83,12,1,2
BRDA:92,13,0,3
BRDA:92,13,1,2
BRDA:108,14,0,1
BRDA:108,14,1,10
BRDA:116,15,0,3
BRDA:116,15,1,7
BRDA:120,16,0,1
BRDA:120,16,1,9
BRDA:127,17,0,1
BRDA:127,17,1,9
BRDA:131,18,0,3
BRDA:131,18,1,7
BRDA:133,19,0,3
BRDA:133,19,1,0
BRDA:146,20,0,1
BRDA:146,20,1,9
BRDA:152,21,0,3
BRDA:152,21,1,6
BRDA:155,22,0,3
BRDA:155,22,1,1
BRDA:157,23,0,3
BRDA:157,23,1,2
BRDA:157,23,2,2
BRDA:170,24,0,1
BRDA:170,24,1,5
BRDA:174,25,0,2
BRDA:174,25,1,4
BRDA:178,26,0,1
BRDA:178,26,1,5
BRDA:182,27,0,1
BRDA:182,27,1,5
BRDA:186,28,0,3
BRDA:186,28,1,3
BRDA:188,29,0,3
BRDA:188,29,1,0
BRDA:194,30,0,0
BRDA:194,30,1,8
BRF:69
BRH:63
end_of_record
TN:
SF:src\db\schema\auth\refresh_tokens.ts
FN:16,(anonymous_0)
FN:27,(anonymous_1)
FNF:2
FNH:1
FNDA:0,(anonymous_0)
FNDA:18,(anonymous_1)
DA:1,19
DA:8,19
DA:10,19
DA:16,0
DA:27,18
LF:5
LH:4
BRF:0
BRH:0
end_of_record
TN:
SF:src\db\schema\auth\users.ts
FNF:0
FNH:0
DA:1,20
DA:11,20
DA:13,20
LF:3
LH:3
BRF:0
BRH:0
end_of_record
TN:
SF:src\db\schema\public\profiles.ts
FN:18,(anonymous_0)
FNF:1
FNH:1
FNDA:18,(anonymous_0)
DA:1,20
DA:6,20
DA:18,18
LF:3
LH:3
BRF:0
BRH:0
end_of_record
TN:
SF:src\errors\AppError.ts
FN:6,(anonymous_0)
FNF:1
FNH:1
FNDA:60,(anonymous_0)
DA:1,14
DA:12,60
DA:13,60
DA:14,60
DA:15,60
DA:17,60
LF:6
LH:6
BRDA:8,0,0,1
BRDA:10,1,0,59
BRDA:14,2,0,60
BRDA:14,2,1,3
BRF:4
BRH:4
end_of_record
TN:
SF:src\middleware\auth.middleware.ts
FN:4,authMiddleware
FNF:1
FNH:1
FNDA:12,authMiddleware
DA:2,6
DA:4,6
DA:9,12
DA:10,12
DA:12,12
DA:13,10
DA:14,10
DA:17,2
DA:18,2
DA:19,1
DA:20,1
DA:22,1
LF:12
LH:12
BRDA:12,0,0,10
BRDA:12,0,1,2
BRDA:12,1,0,12
BRDA:12,1,1,2
BRF:4
BRH:4
end_of_record
TN:
SF:src\middleware\error.middleware.ts
FN:4,errorMiddleware
FNF:1
FNH:1
FNDA:11,errorMiddleware
DA:2,6
DA:4,6
DA:10,11
DA:11,9
DA:19,9
DA:22,2
DA:24,2
DA:26,2
LF:8
LH:8
BRDA:10,0,0,9
BRDA:10,0,1,2
BRDA:29,1,0,1
BRDA:29,1,1,1
BRDA:32,2,0,2
BRDA:32,2,1,1
BRF:6
BRH:6
end_of_record
TN:
SF:src\modules\auth\auth.controller.ts
FN:11,(anonymous_0)
FN:77,(anonymous_1)
FN:131,(anonymous_2)
FNF:3
FNH:3
FNDA:9,(anonymous_0)
FNDA:5,(anonymous_1)
FNDA:4,(anonymous_2)
DA:2,6
DA:3,6
DA:4,6
DA:5,6
DA:6,6
DA:8,6
DA:10,6
DA:12,9
DA:17,9
DA:18,3
DA:25,6
DA:26,6
DA:27,2
DA:34,4
DA:35,4
DA:39,4
DA:46,3
DA:54,3
DA:62,3
DA:76,6
DA:78,5
DA:79,5
DA:81,5
DA:82,2
DA:89,3
DA:90,3
DA:94,3
DA:100,3
DA:108,3
DA:116,3
DA:130,6
DA:132,4
DA:133,4
DA:135,4
DA:136,1
DA:139,4
DA:146,4
DA:153,4
LF:38
LH:38
BRDA:17,0,0,3
BRDA:17,0,1,6
BRDA:17,1,0,9
BRDA:17,1,1,7
BRDA:26,2,0,2
BRDA:26,2,1,4
BRDA:35,3,0,4
BRDA:35,3,1,1
BRDA:81,4,0,2
BRDA:81,4,1,3
BRDA:90,5,0,3
BRDA:90,5,1,1
BRDA:135,6,0,1
BRDA:135,6,1,3
BRF:14
BRH:14
end_of_record
TN:
SF:src\modules\auth\auth.repository.ts
FN:14,(anonymous_0)
FN:21,(anonymous_1)
FN:37,(anonymous_2)
FN:44,(anonymous_3)
FN:51,(anonymous_4)
FNF:5
FNH:5
FNDA:2,(anonymous_0)
FNDA:1,(anonymous_1)
FNDA:2,(anonymous_2)
FNDA:2,(anonymous_3)
FNDA:1,(anonymous_4)
DA:1,7
DA:2,7
DA:13,7
DA:18,2
DA:28,1
DA:40,2
DA:41,2
DA:48,2
DA:52,1
LF:9
LH:9
BRF:0
BRH:0
end_of_record
TN:
SF:src\modules\auth\auth.routes.ts
FNF:0
FNH:0
DA:1,5
DA:2,5
DA:4,5
DA:59,5
DA:96,5
DA:120,5
DA:122,5
LF:7
LH:7
BRF:0
BRH:0
end_of_record
TN:
SF:src\modules\auth\auth.service.ts
FN:15,(anonymous_0)
FN:19,(anonymous_1)
FN:56,(anonymous_2)
FN:139,(anonymous_3)
FNF:4
FNH:4
FNDA:14,(anonymous_0)
FNDA:2,(anonymous_1)
FNDA:6,(anonymous_2)
FNDA:2,(anonymous_3)
DA:1,6
DA:2,6
DA:3,6
DA:4,6
DA:5,6
DA:6,6
DA:9,6
DA:10,6
DA:12,6
DA:16,14
DA:30,2
DA:32,0
DA:37,0
DA:38,0
DA:40,0
DA:48,0
DA:66,6
DA:70,6
DA:71,1
DA:78,5
DA:79,1
DA:80,1
DA:87,4
DA:88,1
DA:95,3
DA:96,3
DA:97,1
DA:104,2
DA:105,2
DA:106,1
DA:113,1
DA:118,1
DA:119,1
DA:121,1
DA:129,1
DA:131,1
DA:140,2
DA:144,2
DA:145,1
LF:39
LH:34
BRDA:16,0,0,14
BRDA:16,0,1,5
BRDA:34,1,0,0
BRDA:34,1,1,0
BRDA:70,2,0,1
BRDA:70,2,1,5
BRDA:78,3,0,1
BRDA:78,3,1,4
BRDA:87,4,0,1
BRDA:87,4,1,3
BRDA:96,5,0,1
BRDA:96,5,1,2
BRDA:105,6,0,1
BRDA:105,6,1,1
BRDA:115,7,0,1
BRDA:115,7,1,0
BRDA:144,8,0,1
BRDA:144,8,1,1
BRDA:144,9,0,2
BRDA:144,9,1,1
BRF:20
BRH:17
end_of_record
TN:
SF:src\modules\user\user.controller.ts
FN:10,(anonymous_0)
FN:20,(anonymous_1)
FN:49,(anonymous_2)
FN:78,(anonymous_3)
FN:88,(anonymous_4)
FN:155,(anonymous_5)
FN:245,(anonymous_6)
FN:355,(anonymous_7)
FNF:8
FNH:8
FNDA:1,(anonymous_0)
FNDA:5,(anonymous_1)
FNDA:5,(anonymous_2)
FNDA:1,(anonymous_3)
FNDA:8,(anonymous_4)
FNDA:8,(anonymous_5)
FNDA:7,(anonymous_6)
FNDA:3,(anonymous_7)
DA:2,6
DA:3,6
DA:4,6
DA:5,6
DA:7,6
DA:9,6
DA:11,1
DA:12,1
DA:19,6
DA:21,5
DA:23,5
DA:24,2
DA:31,3
DA:33,3
DA:34,2
DA:41,1
DA:48,6
DA:50,5
DA:52,5
DA:53,2
DA:60,3
DA:62,3
DA:63,2
DA:70,1
DA:77,6
DA:79,1
DA:80,1
DA:87,6
DA:89,8
DA:95,8
DA:96,2
DA:104,6
DA:105,6
DA:106,2
DA:113,4
DA:114,4
DA:115,1
DA:120,3
DA:121,3
DA:126,1
DA:133,2
DA:138,1
DA:145,1
DA:154,6
DA:156,8
DA:165,8
DA:166,2
DA:173,6
DA:174,6
DA:175,2
DA:182,4
DA:183,2
DA:197,2
DA:202,2
DA:203,2
DA:204,2
DA:205,2
DA:207,2
DA:208,2
DA:210,1
DA:223,1
DA:229,1
DA:235,0
DA:244,6
DA:246,7
DA:247,7
DA:256,7
DA:257,1
DA:265,6
DA:266,6
DA:267,1
DA:274,5
DA:275,4
DA:276,4
DA:277,1
DA:285,4
DA:286,1
DA:300,3
DA:302,3
DA:303,3
DA:304,3
DA:305,3
DA:306,3
DA:307,3
DA:309,3
DA:310,3
DA:312,1
DA:325,2
DA:326,2
DA:327,1
DA:334,1
DA:338,1
DA:345,0
DA:354,6
DA:356,3
DA:358,3
DA:359,1
DA:366,2
DA:368,2
DA:369,1
DA:376,1
LF:101
LH:99
BRDA:23,0,0,2
BRDA:23,0,1,3
BRDA:33,1,0,2
BRDA:33,1,1,1
BRDA:52,2,0,2
BRDA:52,2,1,3
BRDA:62,3,0,2
BRDA:62,3,1,1
BRDA:95,4,0,2
BRDA:95,4,1,6
BRDA:95,5,0,8
BRDA:95,5,1,6
BRDA:105,6,0,2
BRDA:105,6,1,4
BRDA:120,7,0,3
BRDA:120,7,1,0
BRDA:121,8,0,1
BRDA:121,8,1,2
BRDA:122,9,0,3
BRDA:122,9,1,2
BRDA:122,9,2,2
BRDA:133,10,0,1
BRDA:133,10,1,1
BRDA:134,11,0,2
BRDA:134,11,1,1
BRDA:134,11,2,1
BRDA:165,12,0,2
BRDA:165,12,1,6
BRDA:165,13,0,8
BRDA:165,13,1,6
BRDA:174,14,0,2
BRDA:174,14,1,4
BRDA:182,15,0,2
BRDA:182,15,1,2
BRDA:202,16,0,1
BRDA:202,16,1,1
BRDA:203,17,0,0
BRDA:203,17,1,2
BRDA:204,18,0,0
BRDA:204,18,1,2
BRDA:205,19,0,0
BRDA:205,19,1,2
BRDA:223,20,0,1
BRDA:223,20,1,0
BRDA:224,21,0,1
BRDA:224,21,1,1
BRDA:224,21,2,0
BRDA:224,21,3,0
BRDA:256,22,0,1
BRDA:256,22,1,6
BRDA:266,23,0,1
BRDA:266,23,1,5
BRDA:274,24,0,4
BRDA:274,24,1,1
BRDA:276,25,0,1
BRDA:276,25,1,3
BRDA:285,26,0,1
BRDA:285,26,1,3
BRDA:285,27,0,4
BRDA:285,27,1,1
BRDA:302,28,0,3
BRDA:302,28,1,0
BRDA:303,29,0,0
BRDA:303,29,1,3
BRDA:304,30,0,1
BRDA:304,30,1,2
BRDA:305,31,0,0
BRDA:305,31,1,3
BRDA:306,32,0,0
BRDA:306,32,1,3
BRDA:307,33,0,0
BRDA:307,33,1,3
BRDA:325,34,0,2
BRDA:325,34,1,0
BRDA:326,35,0,1
BRDA:326,35,1,1
BRDA:334,36,0,1
BRDA:334,36,1,0
BRDA:335,37,0,1
BRDA:335,37,1,0
BRDA:358,38,0,1
BRDA:358,38,1,2
BRDA:368,39,0,1
BRDA:368,39,1,1
BRF:84
BRH:69
end_of_record
TN:
SF:src\modules\user\user.repository.ts
FN:15,(anonymous_0)
FN:19,(anonymous_1)
FN:23,(anonymous_2)
FN:27,(anonymous_3)
FN:31,(anonymous_4)
FN:38,(anonymous_5)
FN:42,(anonymous_6)
FN:46,(anonymous_7)
FN:57,(anonymous_8)
FNF:9
FNH:9
FNDA:1,(anonymous_0)
FNDA:2,(anonymous_1)
FNDA:2,(anonymous_2)
FNDA:1,(anonymous_3)
FNDA:2,(anonymous_4)
FNDA:2,(anonymous_5)
FNDA:1,(anonymous_6)
FNDA:1,(anonymous_7)
FNDA:1,(anonymous_8)
DA:1,7
DA:10,7
DA:14,7
DA:16,1
DA:20,2
DA:24,2
DA:28,1
DA:35,2
DA:39,2
DA:43,1
DA:54,1
DA:68,1
LF:12
LH:12
BRF:0
BRH:0
end_of_record
TN:
SF:src\modules\user\user.routes.ts
FNF:0
FNH:0
DA:1,5
DA:2,5
DA:12,5
DA:14,5
DA:42,5
DA:68,5
DA:106,5
DA:144,5
DA:190,5
DA:244,5
DA:305,5
DA:366,5
DA:395,5
DA:397,5
LF:14
LH:14
BRF:0
BRH:0
end_of_record
TN:
SF:src\modules\user\user.service.ts
FN:8,(anonymous_0)
FN:12,(anonymous_1)
FN:16,(anonymous_2)
FN:20,(anonymous_3)
FN:24,(anonymous_4)
FN:28,(anonymous_5)
FN:35,(anonymous_6)
FN:39,(anonymous_7)
FN:43,(anonymous_8)
FN:54,(anonymous_9)
FNF:10
FNH:8
FNDA:14,(anonymous_0)
FNDA:1,(anonymous_1)
FNDA:2,(anonymous_2)
FNDA:1,(anonymous_3)
FNDA:1,(anonymous_4)
FNDA:1,(anonymous_5)
FNDA:2,(anonymous_6)
FNDA:1,(anonymous_7)
FNDA:0,(anonymous_8)
FNDA:0,(anonymous_9)
DA:1,6
DA:5,6
DA:9,14
DA:13,1
DA:17,2
DA:21,1
DA:25,1
DA:32,1
DA:36,2
DA:40,1
DA:51,0
DA:65,0
LF:12
LH:10
BRDA:9,0,0,14
BRDA:9,0,1,5
BRF:2
BRH:2
end_of_record
TN:
SF:src\utils\asyncHandler.ts
FN:16,asyncHandler
FN:17,(anonymous_1)
FNF:2
FNH:2
FNDA:69,asyncHandler
FNDA:59,(anonymous_1)
DA:16,8
DA:17,69
DA:22,59
DA:23,59
DA:25,40
DA:26,40
LF:6
LH:6
BRF:0
BRH:0
end_of_record
TN:
SF:src\utils\auth.ts
FN:6,getTokenExpirationString
FN:10,getCookieMaxAge
FN:14,getRefreshTokenExpirationDate
FN:20,getRefreshTokenCookieMaxAge
FNF:4
FNH:4
FNDA:5,getTokenExpirationString
FNDA:1,getCookieMaxAge
FNDA:1,getRefreshTokenExpirationDate
FNDA:1,getRefreshTokenCookieMaxAge
DA:1,9
DA:6,9
DA:7,5
DA:10,9
DA:11,1
DA:14,9
DA:15,1
DA:16,1
DA:17,1
DA:20,9
DA:21,1
LF:11
LH:11
BRF:0
BRH:0
end_of_record
TN:
SF:src\utils\jwt.ts
FN:6,(anonymous_1)
FN:19,generateToken
FN:26,verifyToken
FNF:3
FNH:3
FNDA:8,(anonymous_1)
FNDA:4,generateToken
FNDA:6,verifyToken
DA:1,8
DA:2,8
DA:4,8
DA:6,8
DA:7,8
DA:8,8
DA:9,0
DA:11,8
DA:19,8
DA:20,4
DA:21,4
DA:26,8
DA:27,6
DA:29,3
DA:35,1
DA:38,2
LF:16
LH:15
BRDA:8,0,0,0
BRDA:8,0,1,8
BRDA:29,1,0,1
BRDA:29,1,1,2
BRDA:30,2,0,3
BRDA:30,2,1,3
BRDA:30,2,2,3
BRDA:30,2,3,2
BRF:8
BRH:7
end_of_record
